{
  "/Users/hirotakaishihara/Desktop/sphinx_tool/sphinx-frontend/src/App.js": {
    "path": "/Users/hirotakaishihara/Desktop/sphinx_tool/sphinx-frontend/src/App.js",
    "statementMap": {
      "0": { "start": { "line": 7, "column": 12 }, "end": { "line": 14, "column": 1 } },
      "1": { "start": { "line": 8, "column": 2 }, "end": { "line": 13, "column": 4 } }
    },
    "fnMap": {
      "0": {
        "name": "(anonymous_0)",
        "decl": { "start": { "line": 7, "column": 12 }, "end": { "line": 7, "column": 13 } },
        "loc": { "start": { "line": 7, "column": 18 }, "end": { "line": 14, "column": 1 } },
        "line": 7
      }
    },
    "branchMap": {},
    "s": { "0": 1, "1": 1 },
    "f": { "0": 1 },
    "b": {},
    "_coverageSchema": "1a1c01bbd47fc00a2c39e90264f33305004495a9",
    "hash": "6c6751a16898164fe15e79f1d53e3e1454df8f80"
  },
  "/Users/hirotakaishihara/Desktop/sphinx_tool/sphinx-frontend/src/index.js": {
    "path": "/Users/hirotakaishihara/Desktop/sphinx_tool/sphinx-frontend/src/index.js",
    "statementMap": {
      "0": { "start": { "line": 11, "column": 0 }, "end": { "line": 23, "column": 2 } },
      "1": { "start": { "line": 28, "column": 0 }, "end": { "line": 28, "column": 27 } }
    },
    "fnMap": {},
    "branchMap": {},
    "s": { "0": 0, "1": 0 },
    "f": {},
    "b": {}
  },
  "/Users/hirotakaishihara/Desktop/sphinx_tool/sphinx-frontend/src/serviceWorker.js": {
    "path": "/Users/hirotakaishihara/Desktop/sphinx_tool/sphinx-frontend/src/serviceWorker.js",
    "statementMap": {
      "0": { "start": { "line": 13, "column": 20 }, "end": { "line": 19, "column": 1 } },
      "1": { "start": { "line": 22, "column": 2 }, "end": { "line": 52, "column": 3 } },
      "2": { "start": { "line": 24, "column": 22 }, "end": { "line": 24, "column": 75 } },
      "3": { "start": { "line": 25, "column": 4 }, "end": { "line": 30, "column": 5 } },
      "4": { "start": { "line": 29, "column": 6 }, "end": { "line": 29, "column": 13 } },
      "5": { "start": { "line": 32, "column": 4 }, "end": { "line": 51, "column": 7 } },
      "6": { "start": { "line": 33, "column": 20 }, "end": { "line": 33, "column": 65 } },
      "7": { "start": { "line": 35, "column": 6 }, "end": { "line": 50, "column": 7 } },
      "8": { "start": { "line": 37, "column": 8 }, "end": { "line": 37, "column": 47 } },
      "9": { "start": { "line": 41, "column": 8 }, "end": { "line": 46, "column": 11 } },
      "10": { "start": { "line": 42, "column": 10 }, "end": { "line": 45, "column": 12 } },
      "11": { "start": { "line": 49, "column": 8 }, "end": { "line": 49, "column": 39 } },
      "12": { "start": { "line": 56, "column": 2 }, "end": { "line": 96, "column": 7 } },
      "13": { "start": { "line": 59, "column": 6 }, "end": { "line": 92, "column": 8 } },
      "14": { "start": { "line": 60, "column": 33 }, "end": { "line": 60, "column": 56 } },
      "15": { "start": { "line": 61, "column": 8 }, "end": { "line": 63, "column": 9 } },
      "16": { "start": { "line": 62, "column": 10 }, "end": { "line": 62, "column": 17 } },
      "17": { "start": { "line": 64, "column": 8 }, "end": { "line": 91, "column": 10 } },
      "18": { "start": { "line": 65, "column": 10 }, "end": { "line": 90, "column": 11 } },
      "19": { "start": { "line": 66, "column": 12 }, "end": { "line": 89, "column": 13 } },
      "20": { "start": { "line": 70, "column": 14 }, "end": { "line": 73, "column": 16 } },
      "21": { "start": { "line": 76, "column": 14 }, "end": { "line": 78, "column": 15 } },
      "22": { "start": { "line": 77, "column": 16 }, "end": { "line": 77, "column": 46 } },
      "23": { "start": { "line": 83, "column": 14 }, "end": { "line": 83, "column": 64 } },
      "24": { "start": { "line": 86, "column": 14 }, "end": { "line": 88, "column": 15 } },
      "25": { "start": { "line": 87, "column": 16 }, "end": { "line": 87, "column": 47 } },
      "26": { "start": { "line": 95, "column": 6 }, "end": { "line": 95, "column": 72 } },
      "27": { "start": { "line": 101, "column": 2 }, "end": { "line": 124, "column": 7 } },
      "28": { "start": { "line": 106, "column": 26 }, "end": { "line": 106, "column": 62 } },
      "29": { "start": { "line": 107, "column": 6 }, "end": { "line": 120, "column": 7 } },
      "30": { "start": { "line": 112, "column": 8 }, "end": { "line": 116, "column": 11 } },
      "31": { "start": { "line": 113, "column": 10 }, "end": { "line": 115, "column": 13 } },
      "32": { "start": { "line": 114, "column": 12 }, "end": { "line": 114, "column": 37 } },
      "33": { "start": { "line": 119, "column": 8 }, "end": { "line": 119, "column": 39 } },
      "34": { "start": { "line": 123, "column": 6 }, "end": { "line": 123, "column": 83 } },
      "35": { "start": { "line": 128, "column": 2 }, "end": { "line": 136, "column": 3 } },
      "36": { "start": { "line": 129, "column": 4 }, "end": { "line": 135, "column": 9 } },
      "37": { "start": { "line": 131, "column": 8 }, "end": { "line": 131, "column": 34 } },
      "38": { "start": { "line": 134, "column": 8 }, "end": { "line": 134, "column": 37 } }
    },
    "fnMap": {
      "0": {
        "name": "register",
        "decl": { "start": { "line": 21, "column": 16 }, "end": { "line": 21, "column": 24 } },
        "loc": { "start": { "line": 21, "column": 33 }, "end": { "line": 53, "column": 1 } },
        "line": 21
      },
      "1": {
        "name": "(anonymous_1)",
        "decl": { "start": { "line": 32, "column": 36 }, "end": { "line": 32, "column": 37 } },
        "loc": { "start": { "line": 32, "column": 42 }, "end": { "line": 51, "column": 5 } },
        "line": 32
      },
      "2": {
        "name": "(anonymous_2)",
        "decl": { "start": { "line": 41, "column": 43 }, "end": { "line": 41, "column": 44 } },
        "loc": { "start": { "line": 41, "column": 49 }, "end": { "line": 46, "column": 9 } },
        "line": 41
      },
      "3": {
        "name": "registerValidSW",
        "decl": { "start": { "line": 55, "column": 9 }, "end": { "line": 55, "column": 24 } },
        "loc": { "start": { "line": 55, "column": 40 }, "end": { "line": 97, "column": 1 } },
        "line": 55
      },
      "4": {
        "name": "(anonymous_4)",
        "decl": { "start": { "line": 58, "column": 10 }, "end": { "line": 58, "column": 11 } },
        "loc": { "start": { "line": 58, "column": 26 }, "end": { "line": 93, "column": 5 } },
        "line": 58
      },
      "5": {
        "name": "(anonymous_5)",
        "decl": { "start": { "line": 59, "column": 35 }, "end": { "line": 59, "column": 36 } },
        "loc": { "start": { "line": 59, "column": 41 }, "end": { "line": 92, "column": 7 } },
        "line": 59
      },
      "6": {
        "name": "(anonymous_6)",
        "decl": { "start": { "line": 64, "column": 41 }, "end": { "line": 64, "column": 42 } },
        "loc": { "start": { "line": 64, "column": 47 }, "end": { "line": 91, "column": 9 } },
        "line": 64
      },
      "7": {
        "name": "(anonymous_7)",
        "decl": { "start": { "line": 94, "column": 11 }, "end": { "line": 94, "column": 12 } },
        "loc": { "start": { "line": 94, "column": 20 }, "end": { "line": 96, "column": 5 } },
        "line": 94
      },
      "8": {
        "name": "checkValidServiceWorker",
        "decl": { "start": { "line": 99, "column": 9 }, "end": { "line": 99, "column": 32 } },
        "loc": { "start": { "line": 99, "column": 48 }, "end": { "line": 125, "column": 1 } },
        "line": 99
      },
      "9": {
        "name": "(anonymous_9)",
        "decl": { "start": { "line": 104, "column": 10 }, "end": { "line": 104, "column": 11 } },
        "loc": { "start": { "line": 104, "column": 22 }, "end": { "line": 121, "column": 5 } },
        "line": 104
      },
      "10": {
        "name": "(anonymous_10)",
        "decl": { "start": { "line": 112, "column": 43 }, "end": { "line": 112, "column": 44 } },
        "loc": { "start": { "line": 112, "column": 59 }, "end": { "line": 116, "column": 9 } },
        "line": 112
      },
      "11": {
        "name": "(anonymous_11)",
        "decl": { "start": { "line": 113, "column": 41 }, "end": { "line": 113, "column": 42 } },
        "loc": { "start": { "line": 113, "column": 47 }, "end": { "line": 115, "column": 11 } },
        "line": 113
      },
      "12": {
        "name": "(anonymous_12)",
        "decl": { "start": { "line": 122, "column": 11 }, "end": { "line": 122, "column": 12 } },
        "loc": { "start": { "line": 122, "column": 17 }, "end": { "line": 124, "column": 5 } },
        "line": 122
      },
      "13": {
        "name": "unregister",
        "decl": { "start": { "line": 127, "column": 16 }, "end": { "line": 127, "column": 26 } },
        "loc": { "start": { "line": 127, "column": 29 }, "end": { "line": 137, "column": 1 } },
        "line": 127
      },
      "14": {
        "name": "(anonymous_14)",
        "decl": { "start": { "line": 130, "column": 12 }, "end": { "line": 130, "column": 13 } },
        "loc": { "start": { "line": 130, "column": 28 }, "end": { "line": 132, "column": 7 } },
        "line": 130
      },
      "15": {
        "name": "(anonymous_15)",
        "decl": { "start": { "line": 133, "column": 13 }, "end": { "line": 133, "column": 14 } },
        "loc": { "start": { "line": 133, "column": 22 }, "end": { "line": 135, "column": 7 } },
        "line": 133
      }
    },
    "branchMap": {
      "0": {
        "loc": { "start": { "line": 14, "column": 2 }, "end": { "line": 18, "column": 92 } },
        "type": "binary-expr",
        "locations": [
          { "start": { "line": 14, "column": 2 }, "end": { "line": 14, "column": 42 } },
          { "start": { "line": 16, "column": 4 }, "end": { "line": 16, "column": 40 } },
          { "start": { "line": 18, "column": 4 }, "end": { "line": 18, "column": 92 } }
        ],
        "line": 14
      },
      "1": {
        "loc": { "start": { "line": 22, "column": 2 }, "end": { "line": 52, "column": 3 } },
        "type": "if",
        "locations": [
          { "start": { "line": 22, "column": 2 }, "end": { "line": 52, "column": 3 } },
          { "start": { "line": 22, "column": 2 }, "end": { "line": 52, "column": 3 } }
        ],
        "line": 22
      },
      "2": {
        "loc": { "start": { "line": 22, "column": 6 }, "end": { "line": 22, "column": 75 } },
        "type": "binary-expr",
        "locations": [
          { "start": { "line": 22, "column": 6 }, "end": { "line": 22, "column": 43 } },
          { "start": { "line": 22, "column": 47 }, "end": { "line": 22, "column": 75 } }
        ],
        "line": 22
      },
      "3": {
        "loc": { "start": { "line": 25, "column": 4 }, "end": { "line": 30, "column": 5 } },
        "type": "if",
        "locations": [
          { "start": { "line": 25, "column": 4 }, "end": { "line": 30, "column": 5 } },
          { "start": { "line": 25, "column": 4 }, "end": { "line": 30, "column": 5 } }
        ],
        "line": 25
      },
      "4": {
        "loc": { "start": { "line": 35, "column": 6 }, "end": { "line": 50, "column": 7 } },
        "type": "if",
        "locations": [
          { "start": { "line": 35, "column": 6 }, "end": { "line": 50, "column": 7 } },
          { "start": { "line": 35, "column": 6 }, "end": { "line": 50, "column": 7 } }
        ],
        "line": 35
      },
      "5": {
        "loc": { "start": { "line": 61, "column": 8 }, "end": { "line": 63, "column": 9 } },
        "type": "if",
        "locations": [
          { "start": { "line": 61, "column": 8 }, "end": { "line": 63, "column": 9 } },
          { "start": { "line": 61, "column": 8 }, "end": { "line": 63, "column": 9 } }
        ],
        "line": 61
      },
      "6": {
        "loc": { "start": { "line": 65, "column": 10 }, "end": { "line": 90, "column": 11 } },
        "type": "if",
        "locations": [
          { "start": { "line": 65, "column": 10 }, "end": { "line": 90, "column": 11 } },
          { "start": { "line": 65, "column": 10 }, "end": { "line": 90, "column": 11 } }
        ],
        "line": 65
      },
      "7": {
        "loc": { "start": { "line": 66, "column": 12 }, "end": { "line": 89, "column": 13 } },
        "type": "if",
        "locations": [
          { "start": { "line": 66, "column": 12 }, "end": { "line": 89, "column": 13 } },
          { "start": { "line": 66, "column": 12 }, "end": { "line": 89, "column": 13 } }
        ],
        "line": 66
      },
      "8": {
        "loc": { "start": { "line": 76, "column": 14 }, "end": { "line": 78, "column": 15 } },
        "type": "if",
        "locations": [
          { "start": { "line": 76, "column": 14 }, "end": { "line": 78, "column": 15 } },
          { "start": { "line": 76, "column": 14 }, "end": { "line": 78, "column": 15 } }
        ],
        "line": 76
      },
      "9": {
        "loc": { "start": { "line": 76, "column": 18 }, "end": { "line": 76, "column": 43 } },
        "type": "binary-expr",
        "locations": [
          { "start": { "line": 76, "column": 18 }, "end": { "line": 76, "column": 24 } },
          { "start": { "line": 76, "column": 28 }, "end": { "line": 76, "column": 43 } }
        ],
        "line": 76
      },
      "10": {
        "loc": { "start": { "line": 86, "column": 14 }, "end": { "line": 88, "column": 15 } },
        "type": "if",
        "locations": [
          { "start": { "line": 86, "column": 14 }, "end": { "line": 88, "column": 15 } },
          { "start": { "line": 86, "column": 14 }, "end": { "line": 88, "column": 15 } }
        ],
        "line": 86
      },
      "11": {
        "loc": { "start": { "line": 86, "column": 18 }, "end": { "line": 86, "column": 44 } },
        "type": "binary-expr",
        "locations": [
          { "start": { "line": 86, "column": 18 }, "end": { "line": 86, "column": 24 } },
          { "start": { "line": 86, "column": 28 }, "end": { "line": 86, "column": 44 } }
        ],
        "line": 86
      },
      "12": {
        "loc": { "start": { "line": 107, "column": 6 }, "end": { "line": 120, "column": 7 } },
        "type": "if",
        "locations": [
          { "start": { "line": 107, "column": 6 }, "end": { "line": 120, "column": 7 } },
          { "start": { "line": 107, "column": 6 }, "end": { "line": 120, "column": 7 } }
        ],
        "line": 107
      },
      "13": {
        "loc": { "start": { "line": 108, "column": 8 }, "end": { "line": 109, "column": 73 } },
        "type": "binary-expr",
        "locations": [
          { "start": { "line": 108, "column": 8 }, "end": { "line": 108, "column": 31 } },
          { "start": { "line": 109, "column": 9 }, "end": { "line": 109, "column": 28 } },
          { "start": { "line": 109, "column": 32 }, "end": { "line": 109, "column": 72 } }
        ],
        "line": 108
      },
      "14": {
        "loc": { "start": { "line": 128, "column": 2 }, "end": { "line": 136, "column": 3 } },
        "type": "if",
        "locations": [
          { "start": { "line": 128, "column": 2 }, "end": { "line": 136, "column": 3 } },
          { "start": { "line": 128, "column": 2 }, "end": { "line": 136, "column": 3 } }
        ],
        "line": 128
      }
    },
    "s": {
      "0": 0,
      "1": 0,
      "2": 0,
      "3": 0,
      "4": 0,
      "5": 0,
      "6": 0,
      "7": 0,
      "8": 0,
      "9": 0,
      "10": 0,
      "11": 0,
      "12": 0,
      "13": 0,
      "14": 0,
      "15": 0,
      "16": 0,
      "17": 0,
      "18": 0,
      "19": 0,
      "20": 0,
      "21": 0,
      "22": 0,
      "23": 0,
      "24": 0,
      "25": 0,
      "26": 0,
      "27": 0,
      "28": 0,
      "29": 0,
      "30": 0,
      "31": 0,
      "32": 0,
      "33": 0,
      "34": 0,
      "35": 0,
      "36": 0,
      "37": 0,
      "38": 0
    },
    "f": {
      "0": 0,
      "1": 0,
      "2": 0,
      "3": 0,
      "4": 0,
      "5": 0,
      "6": 0,
      "7": 0,
      "8": 0,
      "9": 0,
      "10": 0,
      "11": 0,
      "12": 0,
      "13": 0,
      "14": 0,
      "15": 0
    },
    "b": {
      "0": [0, 0, 0],
      "1": [0, 0],
      "2": [0, 0],
      "3": [0, 0],
      "4": [0, 0],
      "5": [0, 0],
      "6": [0, 0],
      "7": [0, 0],
      "8": [0, 0],
      "9": [0, 0],
      "10": [0, 0],
      "11": [0, 0],
      "12": [0, 0],
      "13": [0, 0, 0],
      "14": [0, 0]
    }
  },
  "/Users/hirotakaishihara/Desktop/sphinx_tool/sphinx-frontend/src/api/ai.js": {
    "path": "/Users/hirotakaishihara/Desktop/sphinx_tool/sphinx-frontend/src/api/ai.js",
    "statementMap": {
      "0": { "start": { "line": 4, "column": 22 }, "end": { "line": 6, "column": 1 } },
      "1": { "start": { "line": 9, "column": 13 }, "end": { "line": 23, "column": 3 } },
      "2": { "start": { "line": 24, "column": 2 }, "end": { "line": 24, "column": 62 } },
      "3": { "start": { "line": 28, "column": 13 }, "end": { "line": 39, "column": 4 } },
      "4": { "start": { "line": 28, "column": 27 }, "end": { "line": 39, "column": 3 } },
      "5": { "start": { "line": 40, "column": 2 }, "end": { "line": 40, "column": 72 } }
    },
    "fnMap": {
      "0": {
        "name": "predict",
        "decl": { "start": { "line": 8, "column": 22 }, "end": { "line": 8, "column": 29 } },
        "loc": { "start": { "line": 8, "column": 35 }, "end": { "line": 25, "column": 1 } },
        "line": 8
      },
      "1": {
        "name": "cluster",
        "decl": { "start": { "line": 27, "column": 22 }, "end": { "line": 27, "column": 29 } },
        "loc": { "start": { "line": 27, "column": 36 }, "end": { "line": 41, "column": 1 } },
        "line": 27
      },
      "2": {
        "name": "(anonymous_2)",
        "decl": { "start": { "line": 28, "column": 22 }, "end": { "line": 28, "column": 23 } },
        "loc": { "start": { "line": 28, "column": 27 }, "end": { "line": 39, "column": 3 } },
        "line": 28
      }
    },
    "branchMap": {
      "0": {
        "loc": { "start": { "line": 38, "column": 4 }, "end": { "line": 38, "column": 17 } },
        "type": "cond-expr",
        "locations": [
          { "start": { "line": 38, "column": 12 }, "end": { "line": 38, "column": 13 } },
          { "start": { "line": 38, "column": 16 }, "end": { "line": 38, "column": 17 } }
        ],
        "line": 38
      }
    },
    "s": { "0": 2, "1": 1, "2": 1, "3": 1, "4": 11, "5": 1 },
    "f": { "0": 1, "1": 1, "2": 11 },
    "b": { "0": [0, 11] },
    "_coverageSchema": "1a1c01bbd47fc00a2c39e90264f33305004495a9",
    "hash": "655fe4b53139e631594386c9200b6ba1ab86fdc3"
  },
  "/Users/hirotakaishihara/Desktop/sphinx_tool/sphinx-frontend/src/api/backend.js": {
    "path": "/Users/hirotakaishihara/Desktop/sphinx_tool/sphinx-frontend/src/api/backend.js",
    "statementMap": {
      "0": { "start": { "line": 4, "column": 22 }, "end": { "line": 6, "column": 1 } },
      "1": { "start": { "line": 9, "column": 2 }, "end": { "line": 13, "column": 4 } }
    },
    "fnMap": {
      "0": {
        "name": "get_traffic",
        "decl": { "start": { "line": 8, "column": 16 }, "end": { "line": 8, "column": 27 } },
        "loc": { "start": { "line": 8, "column": 48 }, "end": { "line": 14, "column": 1 } },
        "line": 8
      }
    },
    "branchMap": {},
    "s": { "0": 1, "1": 0 },
    "f": { "0": 0 },
    "b": {},
    "_coverageSchema": "1a1c01bbd47fc00a2c39e90264f33305004495a9",
    "hash": "4bd5defc27a6ca8ded501aa0a72bb6ee8e8cae2a"
  },
  "/Users/hirotakaishihara/Desktop/sphinx_tool/sphinx-frontend/src/api/geoLocation.js": {
    "path": "/Users/hirotakaishihara/Desktop/sphinx_tool/sphinx-frontend/src/api/geoLocation.js",
    "statementMap": {
      "0": { "start": { "line": 3, "column": 12 }, "end": { "line": 3, "column": 46 } },
      "1": { "start": { "line": 6, "column": 20 }, "end": { "line": 6, "column": 46 } },
      "2": { "start": { "line": 8, "column": 22 }, "end": { "line": 10, "column": 1 } },
      "3": { "start": { "line": 13, "column": 2 }, "end": { "line": 20, "column": 4 } }
    },
    "fnMap": {
      "0": {
        "name": "findIpLocation",
        "decl": { "start": { "line": 12, "column": 16 }, "end": { "line": 12, "column": 30 } },
        "loc": { "start": { "line": 12, "column": 35 }, "end": { "line": 21, "column": 1 } },
        "line": 12
      }
    },
    "branchMap": {},
    "s": { "0": 2, "1": 2, "2": 2, "3": 1 },
    "f": { "0": 1 },
    "b": {},
    "_coverageSchema": "1a1c01bbd47fc00a2c39e90264f33305004495a9",
    "hash": "a7ad2aceb6f2f0ab92ddc61242b8ec1d904f4e08"
  },
  "/Users/hirotakaishihara/Desktop/sphinx_tool/sphinx-frontend/src/components/BarChart.js": {
    "path": "/Users/hirotakaishihara/Desktop/sphinx_tool/sphinx-frontend/src/components/BarChart.js",
    "statementMap": {
      "0": { "start": { "line": 7, "column": 12 }, "end": { "line": 7, "column": 31 } },
      "1": { "start": { "line": 8, "column": 15 }, "end": { "line": 8, "column": 17 } },
      "2": { "start": { "line": 9, "column": 17 }, "end": { "line": 9, "column": 19 } },
      "3": { "start": { "line": 13, "column": 4 }, "end": { "line": 13, "column": 17 } },
      "4": { "start": { "line": 14, "column": 4 }, "end": { "line": 14, "column": 32 } },
      "5": { "start": { "line": 15, "column": 4 }, "end": { "line": 15, "column": 29 } },
      "6": { "start": { "line": 16, "column": 4 }, "end": { "line": 16, "column": 38 } },
      "7": { "start": { "line": 17, "column": 4 }, "end": { "line": 17, "column": 29 } },
      "8": { "start": { "line": 18, "column": 4 }, "end": { "line": 18, "column": 19 } },
      "9": { "start": { "line": 19, "column": 4 }, "end": { "line": 19, "column": 22 } },
      "10": { "start": { "line": 23, "column": 15 }, "end": { "line": 23, "column": 30 } },
      "11": { "start": { "line": 24, "column": 17 }, "end": { "line": 24, "column": 65 } },
      "12": { "start": { "line": 25, "column": 4 }, "end": { "line": 27, "column": 5 } },
      "13": { "start": { "line": 26, "column": 6 }, "end": { "line": 26, "column": 62 } },
      "14": { "start": { "line": 28, "column": 4 }, "end": { "line": 33, "column": 41 } },
      "15": { "start": { "line": 33, "column": 22 }, "end": { "line": 33, "column": 39 } },
      "16": { "start": { "line": 35, "column": 4 }, "end": { "line": 40, "column": 6 } },
      "17": { "start": { "line": 41, "column": 4 }, "end": { "line": 41, "column": 24 } },
      "18": { "start": { "line": 45, "column": 4 }, "end": { "line": 100, "column": 7 } },
      "19": { "start": { "line": 53, "column": 26 }, "end": { "line": 53, "column": 43 } },
      "20": { "start": { "line": 104, "column": 4 }, "end": { "line": 104, "column": 22 } },
      "21": { "start": { "line": 108, "column": 4 }, "end": { "line": 117, "column": 6 } }
    },
    "fnMap": {
      "0": {
        "name": "(anonymous_0)",
        "decl": { "start": { "line": 12, "column": 2 }, "end": { "line": 12, "column": 3 } },
        "loc": { "start": { "line": 12, "column": 21 }, "end": { "line": 20, "column": 3 } },
        "line": 12
      },
      "1": {
        "name": "(anonymous_1)",
        "decl": { "start": { "line": 22, "column": 2 }, "end": { "line": 22, "column": 3 } },
        "loc": { "start": { "line": 22, "column": 15 }, "end": { "line": 42, "column": 3 } },
        "line": 22
      },
      "2": {
        "name": "(anonymous_2)",
        "decl": { "start": { "line": 33, "column": 17 }, "end": { "line": 33, "column": 18 } },
        "loc": { "start": { "line": 33, "column": 22 }, "end": { "line": 33, "column": 39 } },
        "line": 33
      },
      "3": {
        "name": "(anonymous_3)",
        "decl": { "start": { "line": 44, "column": 2 }, "end": { "line": 44, "column": 3 } },
        "loc": { "start": { "line": 44, "column": 22 }, "end": { "line": 101, "column": 3 } },
        "line": 44
      },
      "4": {
        "name": "(anonymous_4)",
        "decl": { "start": { "line": 53, "column": 21 }, "end": { "line": 53, "column": 22 } },
        "loc": { "start": { "line": 53, "column": 26 }, "end": { "line": 53, "column": 43 } },
        "line": 53
      },
      "5": {
        "name": "(anonymous_5)",
        "decl": { "start": { "line": 103, "column": 2 }, "end": { "line": 103, "column": 3 } },
        "loc": { "start": { "line": 103, "column": 23 }, "end": { "line": 105, "column": 3 } },
        "line": 103
      },
      "6": {
        "name": "(anonymous_6)",
        "decl": { "start": { "line": 107, "column": 2 }, "end": { "line": 107, "column": 3 } },
        "loc": { "start": { "line": 107, "column": 11 }, "end": { "line": 118, "column": 3 } },
        "line": 107
      }
    },
    "branchMap": {
      "0": {
        "loc": { "start": { "line": 24, "column": 37 }, "end": { "line": 24, "column": 64 } },
        "type": "binary-expr",
        "locations": [
          { "start": { "line": 24, "column": 37 }, "end": { "line": 24, "column": 54 } },
          { "start": { "line": 24, "column": 58 }, "end": { "line": 24, "column": 64 } }
        ],
        "line": 24
      },
      "1": {
        "loc": { "start": { "line": 25, "column": 4 }, "end": { "line": 27, "column": 5 } },
        "type": "if",
        "locations": [
          { "start": { "line": 25, "column": 4 }, "end": { "line": 27, "column": 5 } },
          { "start": { "line": 25, "column": 4 }, "end": { "line": 27, "column": 5 } }
        ],
        "line": 25
      },
      "2": {
        "loc": { "start": { "line": 32, "column": 6 }, "end": { "line": 32, "column": 37 } },
        "type": "binary-expr",
        "locations": [
          { "start": { "line": 32, "column": 6 }, "end": { "line": 32, "column": 25 } },
          { "start": { "line": 32, "column": 29 }, "end": { "line": 32, "column": 37 } }
        ],
        "line": 32
      },
      "3": {
        "loc": { "start": { "line": 38, "column": 6 }, "end": { "line": 38, "column": 37 } },
        "type": "binary-expr",
        "locations": [
          { "start": { "line": 38, "column": 6 }, "end": { "line": 38, "column": 25 } },
          { "start": { "line": 38, "column": 29 }, "end": { "line": 38, "column": 37 } }
        ],
        "line": 38
      },
      "4": {
        "loc": { "start": { "line": 51, "column": 41 }, "end": { "line": 51, "column": 68 } },
        "type": "binary-expr",
        "locations": [
          { "start": { "line": 51, "column": 41 }, "end": { "line": 51, "column": 58 } },
          { "start": { "line": 51, "column": 62 }, "end": { "line": 51, "column": 68 } }
        ],
        "line": 51
      },
      "5": {
        "loc": { "start": { "line": 52, "column": 10 }, "end": { "line": 52, "column": 41 } },
        "type": "binary-expr",
        "locations": [
          { "start": { "line": 52, "column": 10 }, "end": { "line": 52, "column": 29 } },
          { "start": { "line": 52, "column": 33 }, "end": { "line": 52, "column": 41 } }
        ],
        "line": 52
      },
      "6": {
        "loc": { "start": { "line": 61, "column": 14 }, "end": { "line": 61, "column": 45 } },
        "type": "binary-expr",
        "locations": [
          { "start": { "line": 61, "column": 14 }, "end": { "line": 61, "column": 33 } },
          { "start": { "line": 61, "column": 37 }, "end": { "line": 61, "column": 45 } }
        ],
        "line": 61
      },
      "7": {
        "loc": { "start": { "line": 62, "column": 14 }, "end": { "line": 62, "column": 41 } },
        "type": "binary-expr",
        "locations": [
          { "start": { "line": 62, "column": 14 }, "end": { "line": 62, "column": 31 } },
          { "start": { "line": 62, "column": 35 }, "end": { "line": 62, "column": 41 } }
        ],
        "line": 62
      },
      "8": {
        "loc": { "start": { "line": 94, "column": 29 }, "end": { "line": 94, "column": 52 } },
        "type": "binary-expr",
        "locations": [
          { "start": { "line": 94, "column": 29 }, "end": { "line": 94, "column": 46 } },
          { "start": { "line": 94, "column": 50 }, "end": { "line": 94, "column": 52 } }
        ],
        "line": 94
      }
    },
    "s": {
      "0": 1,
      "1": 1,
      "2": 1,
      "3": 0,
      "4": 0,
      "5": 0,
      "6": 0,
      "7": 0,
      "8": 0,
      "9": 0,
      "10": 0,
      "11": 0,
      "12": 0,
      "13": 0,
      "14": 0,
      "15": 0,
      "16": 0,
      "17": 0,
      "18": 0,
      "19": 0,
      "20": 0,
      "21": 0
    },
    "f": { "0": 0, "1": 0, "2": 0, "3": 0, "4": 0, "5": 0, "6": 0 },
    "b": {
      "0": [0, 0],
      "1": [0, 0],
      "2": [0, 0],
      "3": [0, 0],
      "4": [0, 0],
      "5": [0, 0],
      "6": [0, 0],
      "7": [0, 0],
      "8": [0, 0]
    },
    "_coverageSchema": "1a1c01bbd47fc00a2c39e90264f33305004495a9",
    "hash": "c8a670d58498f82e17d3adbf0f3d82295f6ccad2"
  },
  "/Users/hirotakaishihara/Desktop/sphinx_tool/sphinx-frontend/src/components/Counting.js": {
    "path": "/Users/hirotakaishihara/Desktop/sphinx_tool/sphinx-frontend/src/components/Counting.js",
    "statementMap": {
      "0": { "start": { "line": 3, "column": 14 }, "end": { "line": 13, "column": 1 } },
      "1": { "start": { "line": 4, "column": 2 }, "end": { "line": 12, "column": 4 } }
    },
    "fnMap": {
      "0": {
        "name": "(anonymous_0)",
        "decl": { "start": { "line": 3, "column": 14 }, "end": { "line": 3, "column": 15 } },
        "loc": { "start": { "line": 3, "column": 23 }, "end": { "line": 13, "column": 1 } },
        "line": 3
      }
    },
    "branchMap": {},
    "s": { "0": 1, "1": 0 },
    "f": { "0": 0 },
    "b": {},
    "_coverageSchema": "1a1c01bbd47fc00a2c39e90264f33305004495a9",
    "hash": "512e7b9c8365fcd064851508d7a3d5a0b84aad8a"
  },
  "/Users/hirotakaishihara/Desktop/sphinx_tool/sphinx-frontend/src/components/IPTable.js": {
    "path": "/Users/hirotakaishihara/Desktop/sphinx_tool/sphinx-frontend/src/components/IPTable.js",
    "statementMap": {
      "0": { "start": { "line": 12, "column": 14 }, "end": { "line": 28, "column": 1 } },
      "1": { "start": { "line": 30, "column": 18 }, "end": { "line": 35, "column": 2 } },
      "2": { "start": { "line": 37, "column": 19 }, "end": { "line": 40, "column": 1 } },
      "3": { "start": { "line": 38, "column": 2 }, "end": { "line": 38, "column": 52 } },
      "4": { "start": { "line": 38, "column": 28 }, "end": { "line": 38, "column": 52 } },
      "5": { "start": { "line": 39, "column": 2 }, "end": { "line": 39, "column": 42 } },
      "6": { "start": { "line": 43, "column": 18 }, "end": { "line": 43, "column": 29 } },
      "7": { "start": { "line": 44, "column": 23 }, "end": { "line": 62, "column": 3 } },
      "8": { "start": { "line": 45, "column": 4 }, "end": { "line": 61, "column": 6 } },
      "9": { "start": { "line": 50, "column": 14 }, "end": { "line": 56, "column": 26 } },
      "10": { "start": { "line": 64, "column": 21 }, "end": { "line": 86, "column": 3 } },
      "11": { "start": { "line": 65, "column": 4 }, "end": { "line": 85, "column": 6 } },
      "12": { "start": { "line": 68, "column": 10 }, "end": { "line": 82, "column": 29 } },
      "13": { "start": { "line": 68, "column": 36 }, "end": { "line": 68, "column": 45 } },
      "14": { "start": { "line": 69, "column": 12 }, "end": { "line": 81, "column": 14 } },
      "15": { "start": { "line": 82, "column": 17 }, "end": { "line": 82, "column": 29 } },
      "16": { "start": { "line": 88, "column": 2 }, "end": { "line": 95, "column": 4 } }
    },
    "fnMap": {
      "0": {
        "name": "(anonymous_0)",
        "decl": { "start": { "line": 37, "column": 19 }, "end": { "line": 37, "column": 20 } },
        "loc": { "start": { "line": 37, "column": 37 }, "end": { "line": 40, "column": 1 } },
        "line": 37
      },
      "1": {
        "name": "InfoTable",
        "decl": { "start": { "line": 42, "column": 24 }, "end": { "line": 42, "column": 33 } },
        "loc": { "start": { "line": 42, "column": 41 }, "end": { "line": 96, "column": 1 } },
        "line": 42
      },
      "2": {
        "name": "(anonymous_2)",
        "decl": { "start": { "line": 44, "column": 23 }, "end": { "line": 44, "column": 24 } },
        "loc": { "start": { "line": 44, "column": 29 }, "end": { "line": 62, "column": 3 } },
        "line": 44
      },
      "3": {
        "name": "(anonymous_3)",
        "decl": { "start": { "line": 49, "column": 17 }, "end": { "line": 49, "column": 18 } },
        "loc": { "start": { "line": 50, "column": 14 }, "end": { "line": 56, "column": 26 } },
        "line": 50
      },
      "4": {
        "name": "(anonymous_4)",
        "decl": { "start": { "line": 64, "column": 21 }, "end": { "line": 64, "column": 22 } },
        "loc": { "start": { "line": 64, "column": 29 }, "end": { "line": 86, "column": 3 } },
        "line": 64
      },
      "5": {
        "name": "(anonymous_5)",
        "decl": { "start": { "line": 67, "column": 31 }, "end": { "line": 67, "column": 32 } },
        "loc": { "start": { "line": 67, "column": 38 }, "end": { "line": 83, "column": 9 } },
        "line": 67
      },
      "6": {
        "name": "(anonymous_6)",
        "decl": { "start": { "line": 68, "column": 31 }, "end": { "line": 68, "column": 32 } },
        "loc": { "start": { "line": 68, "column": 36 }, "end": { "line": 68, "column": 45 } },
        "line": 68
      }
    },
    "branchMap": {
      "0": {
        "loc": { "start": { "line": 38, "column": 2 }, "end": { "line": 38, "column": 52 } },
        "type": "if",
        "locations": [
          { "start": { "line": 38, "column": 2 }, "end": { "line": 38, "column": 52 } },
          { "start": { "line": 38, "column": 2 }, "end": { "line": 38, "column": 52 } }
        ],
        "line": 38
      },
      "1": {
        "loc": { "start": { "line": 53, "column": 23 }, "end": { "line": 53, "column": 49 } },
        "type": "cond-expr",
        "locations": [
          { "start": { "line": 53, "column": 33 }, "end": { "line": 53, "column": 40 } },
          { "start": { "line": 53, "column": 43 }, "end": { "line": 53, "column": 49 } }
        ],
        "line": 53
      },
      "2": {
        "loc": { "start": { "line": 68, "column": 10 }, "end": { "line": 82, "column": 29 } },
        "type": "if",
        "locations": [
          { "start": { "line": 68, "column": 10 }, "end": { "line": 82, "column": 29 } },
          { "start": { "line": 68, "column": 10 }, "end": { "line": 82, "column": 29 } }
        ],
        "line": 68
      },
      "3": {
        "loc": { "start": { "line": 75, "column": 19 }, "end": { "line": 77, "column": 42 } },
        "type": "cond-expr",
        "locations": [
          { "start": { "line": 76, "column": 22 }, "end": { "line": 76, "column": 59 } },
          { "start": { "line": 77, "column": 22 }, "end": { "line": 77, "column": 42 } }
        ],
        "line": 75
      }
    },
    "s": {
      "0": 1,
      "1": 1,
      "2": 1,
      "3": 0,
      "4": 0,
      "5": 0,
      "6": 0,
      "7": 0,
      "8": 0,
      "9": 0,
      "10": 0,
      "11": 0,
      "12": 0,
      "13": 0,
      "14": 0,
      "15": 0,
      "16": 0
    },
    "f": { "0": 0, "1": 0, "2": 0, "3": 0, "4": 0, "5": 0, "6": 0 },
    "b": { "0": [0, 0], "1": [0, 0], "2": [0, 0], "3": [0, 0] },
    "_coverageSchema": "1a1c01bbd47fc00a2c39e90264f33305004495a9",
    "hash": "0e6e8095c2750b55e831060cf42d2669cfd89e87"
  },
  "/Users/hirotakaishihara/Desktop/sphinx_tool/sphinx-frontend/src/components/Logo.js": {
    "path": "/Users/hirotakaishihara/Desktop/sphinx_tool/sphinx-frontend/src/components/Logo.js",
    "statementMap": {
      "0": { "start": { "line": 5, "column": 2 }, "end": { "line": 19, "column": 4 } }
    },
    "fnMap": {
      "0": {
        "name": "Logo",
        "decl": { "start": { "line": 4, "column": 24 }, "end": { "line": 4, "column": 28 } },
        "loc": { "start": { "line": 4, "column": 36 }, "end": { "line": 20, "column": 1 } },
        "line": 4
      }
    },
    "branchMap": {},
    "s": { "0": 1 },
    "f": { "0": 1 },
    "b": {},
    "_coverageSchema": "1a1c01bbd47fc00a2c39e90264f33305004495a9",
    "hash": "afef74fd82d112c906400db3651767af4e015064"
  },
  "/Users/hirotakaishihara/Desktop/sphinx_tool/sphinx-frontend/src/components/Navbar.js": {
    "path": "/Users/hirotakaishihara/Desktop/sphinx_tool/sphinx-frontend/src/components/Navbar.js",
    "statementMap": {
      "0": { "start": { "line": 5, "column": 2 }, "end": { "line": 26, "column": 4 } }
    },
    "fnMap": {
      "0": {
        "name": "Navbar",
        "decl": { "start": { "line": 4, "column": 9 }, "end": { "line": 4, "column": 15 } },
        "loc": { "start": { "line": 4, "column": 23 }, "end": { "line": 27, "column": 1 } },
        "line": 4
      }
    },
    "branchMap": {},
    "s": { "0": 0 },
    "f": { "0": 0 },
    "b": {}
  },
  "/Users/hirotakaishihara/Desktop/sphinx_tool/sphinx-frontend/src/components/PrivateComponent.js": {
    "path": "/Users/hirotakaishihara/Desktop/sphinx_tool/sphinx-frontend/src/components/PrivateComponent.js",
    "statementMap": {
      "0": { "start": { "line": 7, "column": 25 }, "end": { "line": 19, "column": 1 } },
      "1": { "start": { "line": 10, "column": 2 }, "end": { "line": 18, "column": 4 } },
      "2": { "start": { "line": 21, "column": 17 }, "end": { "line": 23, "column": 1 } },
      "3": { "start": { "line": 22, "column": 2 }, "end": { "line": 22, "column": 20 } }
    },
    "fnMap": {
      "0": {
        "name": "(anonymous_0)",
        "decl": { "start": { "line": 7, "column": 25 }, "end": { "line": 7, "column": 26 } },
        "loc": { "start": { "line": 7, "column": 64 }, "end": { "line": 19, "column": 1 } },
        "line": 7
      },
      "1": {
        "name": "(anonymous_1)",
        "decl": { "start": { "line": 21, "column": 17 }, "end": { "line": 21, "column": 18 } },
        "loc": { "start": { "line": 21, "column": 26 }, "end": { "line": 23, "column": 1 } },
        "line": 21
      }
    },
    "branchMap": {
      "0": {
        "loc": { "start": { "line": 10, "column": 9 }, "end": { "line": 18, "column": 3 } },
        "type": "cond-expr",
        "locations": [
          { "start": { "line": 11, "column": 4 }, "end": { "line": 15, "column": 11 } },
          { "start": { "line": 17, "column": 4 }, "end": { "line": 17, "column": 28 } }
        ],
        "line": 10
      }
    },
    "s": { "0": 1, "1": 0, "2": 1, "3": 0 },
    "f": { "0": 0, "1": 0 },
    "b": { "0": [0, 0] },
    "_coverageSchema": "1a1c01bbd47fc00a2c39e90264f33305004495a9",
    "hash": "d0310c52f62f0b97221d15f2bd0dfeea6bb57590"
  },
  "/Users/hirotakaishihara/Desktop/sphinx_tool/sphinx-frontend/src/components/PrivateRoute.js": {
    "path": "/Users/hirotakaishihara/Desktop/sphinx_tool/sphinx-frontend/src/components/PrivateRoute.js",
    "statementMap": {
      "0": { "start": { "line": 5, "column": 21 }, "end": { "line": 12, "column": 1 } },
      "1": { "start": { "line": 6, "column": 2 }, "end": { "line": 11, "column": 4 } },
      "2": { "start": { "line": 9, "column": 24 }, "end": { "line": 9, "column": 87 } },
      "3": { "start": { "line": 14, "column": 17 }, "end": { "line": 16, "column": 1 } },
      "4": { "start": { "line": 15, "column": 2 }, "end": { "line": 15, "column": 20 } }
    },
    "fnMap": {
      "0": {
        "name": "(anonymous_0)",
        "decl": { "start": { "line": 5, "column": 21 }, "end": { "line": 5, "column": 22 } },
        "loc": { "start": { "line": 5, "column": 71 }, "end": { "line": 12, "column": 1 } },
        "line": 5
      },
      "1": {
        "name": "(anonymous_1)",
        "decl": { "start": { "line": 9, "column": 14 }, "end": { "line": 9, "column": 15 } },
        "loc": { "start": { "line": 9, "column": 24 }, "end": { "line": 9, "column": 87 } },
        "line": 9
      },
      "2": {
        "name": "(anonymous_2)",
        "decl": { "start": { "line": 14, "column": 17 }, "end": { "line": 14, "column": 18 } },
        "loc": { "start": { "line": 14, "column": 26 }, "end": { "line": 16, "column": 1 } },
        "line": 14
      }
    },
    "branchMap": {
      "0": {
        "loc": { "start": { "line": 9, "column": 24 }, "end": { "line": 9, "column": 87 } },
        "type": "cond-expr",
        "locations": [
          { "start": { "line": 9, "column": 36 }, "end": { "line": 9, "column": 60 } },
          { "start": { "line": 9, "column": 63 }, "end": { "line": 9, "column": 87 } }
        ],
        "line": 9
      }
    },
    "s": { "0": 0, "1": 0, "2": 0, "3": 0, "4": 0 },
    "f": { "0": 0, "1": 0, "2": 0 },
    "b": { "0": [0, 0] }
  },
  "/Users/hirotakaishihara/Desktop/sphinx_tool/sphinx-frontend/src/components/SplitButton.js": {
    "path": "/Users/hirotakaishihara/Desktop/sphinx_tool/sphinx-frontend/src/components/SplitButton.js",
    "statementMap": {
      "0": { "start": { "line": 13, "column": 16 }, "end": { "line": 13, "column": 81 } },
      "1": { "start": { "line": 17, "column": 26 }, "end": { "line": 17, "column": 47 } },
      "2": { "start": { "line": 18, "column": 20 }, "end": { "line": 18, "column": 38 } },
      "3": { "start": { "line": 19, "column": 44 }, "end": { "line": 19, "column": 61 } },
      "4": { "start": { "line": 21, "column": 22 }, "end": { "line": 23, "column": 3 } },
      "5": { "start": { "line": 22, "column": 4 }, "end": { "line": 22, "column": 58 } },
      "6": { "start": { "line": 25, "column": 30 }, "end": { "line": 28, "column": 3 } },
      "7": { "start": { "line": 26, "column": 4 }, "end": { "line": 26, "column": 28 } },
      "8": { "start": { "line": 27, "column": 4 }, "end": { "line": 27, "column": 19 } },
      "9": { "start": { "line": 30, "column": 23 }, "end": { "line": 32, "column": 3 } },
      "10": { "start": { "line": 31, "column": 4 }, "end": { "line": 31, "column": 35 } },
      "11": { "start": { "line": 31, "column": 24 }, "end": { "line": 31, "column": 33 } },
      "12": { "start": { "line": 34, "column": 22 }, "end": { "line": 40, "column": 3 } },
      "13": { "start": { "line": 35, "column": 4 }, "end": { "line": 37, "column": 5 } },
      "14": { "start": { "line": 36, "column": 6 }, "end": { "line": 36, "column": 13 } },
      "15": { "start": { "line": 39, "column": 4 }, "end": { "line": 39, "column": 19 } },
      "16": { "start": { "line": 42, "column": 2 }, "end": { "line": 88, "column": 4 } },
      "17": { "start": { "line": 61, "column": 12 }, "end": { "line": 83, "column": 19 } },
      "18": { "start": { "line": 71, "column": 22 }, "end": { "line": 78, "column": 33 } },
      "19": { "start": { "line": 75, "column": 42 }, "end": { "line": 75, "column": 75 } }
    },
    "fnMap": {
      "0": {
        "name": "SplitButton",
        "decl": { "start": { "line": 15, "column": 24 }, "end": { "line": 15, "column": 35 } },
        "loc": { "start": { "line": 15, "column": 43 }, "end": { "line": 89, "column": 1 } },
        "line": 15
      },
      "1": {
        "name": "(anonymous_1)",
        "decl": { "start": { "line": 21, "column": 22 }, "end": { "line": 21, "column": 23 } },
        "loc": { "start": { "line": 21, "column": 28 }, "end": { "line": 23, "column": 3 } },
        "line": 21
      },
      "2": {
        "name": "(anonymous_2)",
        "decl": { "start": { "line": 25, "column": 30 }, "end": { "line": 25, "column": 31 } },
        "loc": { "start": { "line": 25, "column": 48 }, "end": { "line": 28, "column": 3 } },
        "line": 25
      },
      "3": {
        "name": "(anonymous_3)",
        "decl": { "start": { "line": 30, "column": 23 }, "end": { "line": 30, "column": 24 } },
        "loc": { "start": { "line": 30, "column": 29 }, "end": { "line": 32, "column": 3 } },
        "line": 30
      },
      "4": {
        "name": "(anonymous_4)",
        "decl": { "start": { "line": 31, "column": 12 }, "end": { "line": 31, "column": 13 } },
        "loc": { "start": { "line": 31, "column": 24 }, "end": { "line": 31, "column": 33 } },
        "line": 31
      },
      "5": {
        "name": "(anonymous_5)",
        "decl": { "start": { "line": 34, "column": 22 }, "end": { "line": 34, "column": 23 } },
        "loc": { "start": { "line": 34, "column": 31 }, "end": { "line": 40, "column": 3 } },
        "line": 34
      },
      "6": {
        "name": "(anonymous_6)",
        "decl": { "start": { "line": 60, "column": 11 }, "end": { "line": 60, "column": 12 } },
        "loc": { "start": { "line": 61, "column": 12 }, "end": { "line": 83, "column": 19 } },
        "line": 61
      },
      "7": {
        "name": "(anonymous_7)",
        "decl": { "start": { "line": 70, "column": 33 }, "end": { "line": 70, "column": 34 } },
        "loc": { "start": { "line": 71, "column": 22 }, "end": { "line": 78, "column": 33 } },
        "line": 71
      },
      "8": {
        "name": "(anonymous_8)",
        "decl": { "start": { "line": 75, "column": 33 }, "end": { "line": 75, "column": 34 } },
        "loc": { "start": { "line": 75, "column": 42 }, "end": { "line": 75, "column": 75 } },
        "line": 75
      }
    },
    "branchMap": {
      "0": {
        "loc": { "start": { "line": 35, "column": 4 }, "end": { "line": 37, "column": 5 } },
        "type": "if",
        "locations": [
          { "start": { "line": 35, "column": 4 }, "end": { "line": 37, "column": 5 } },
          { "start": { "line": 35, "column": 4 }, "end": { "line": 37, "column": 5 } }
        ],
        "line": 35
      },
      "1": {
        "loc": { "start": { "line": 35, "column": 8 }, "end": { "line": 35, "column": 69 } },
        "type": "binary-expr",
        "locations": [
          { "start": { "line": 35, "column": 8 }, "end": { "line": 35, "column": 25 } },
          { "start": { "line": 35, "column": 29 }, "end": { "line": 35, "column": 69 } }
        ],
        "line": 35
      },
      "2": {
        "loc": { "start": { "line": 50, "column": 27 }, "end": { "line": 50, "column": 65 } },
        "type": "cond-expr",
        "locations": [
          { "start": { "line": 50, "column": 34 }, "end": { "line": 50, "column": 53 } },
          { "start": { "line": 50, "column": 56 }, "end": { "line": 50, "column": 65 } }
        ],
        "line": 50
      },
      "3": {
        "loc": { "start": { "line": 51, "column": 27 }, "end": { "line": 51, "column": 52 } },
        "type": "cond-expr",
        "locations": [
          { "start": { "line": 51, "column": 34 }, "end": { "line": 51, "column": 40 } },
          { "start": { "line": 51, "column": 43 }, "end": { "line": 51, "column": 52 } }
        ],
        "line": 51
      },
      "4": {
        "loc": { "start": { "line": 64, "column": 33 }, "end": { "line": 64, "column": 88 } },
        "type": "cond-expr",
        "locations": [
          { "start": { "line": 64, "column": 58 }, "end": { "line": 64, "column": 70 } },
          { "start": { "line": 64, "column": 73 }, "end": { "line": 64, "column": 88 } }
        ],
        "line": 64
      }
    },
    "s": {
      "0": 0,
      "1": 0,
      "2": 0,
      "3": 0,
      "4": 0,
      "5": 0,
      "6": 0,
      "7": 0,
      "8": 0,
      "9": 0,
      "10": 0,
      "11": 0,
      "12": 0,
      "13": 0,
      "14": 0,
      "15": 0,
      "16": 0,
      "17": 0,
      "18": 0,
      "19": 0
    },
    "f": { "0": 0, "1": 0, "2": 0, "3": 0, "4": 0, "5": 0, "6": 0, "7": 0, "8": 0 },
    "b": { "0": [0, 0], "1": [0, 0], "2": [0, 0], "3": [0, 0], "4": [0, 0] }
  },
  "/Users/hirotakaishihara/Desktop/sphinx_tool/sphinx-frontend/src/model/traffic.js": {
    "path": "/Users/hirotakaishihara/Desktop/sphinx_tool/sphinx-frontend/src/model/traffic.js",
    "statementMap": {
      "0": { "start": { "line": 5, "column": 2 }, "end": { "line": 5, "column": 53 } },
      "1": { "start": { "line": 8, "column": 2 }, "end": { "line": 8, "column": 46 } },
      "2": { "start": { "line": 11, "column": 11 }, "end": { "line": 13, "column": 16 } },
      "3": { "start": { "line": 14, "column": 2 }, "end": { "line": 14, "column": 12 } },
      "4": { "start": { "line": 17, "column": 22 }, "end": { "line": 22, "column": 1 } },
      "5": { "start": { "line": 43, "column": 4 }, "end": { "line": 43, "column": 17 } },
      "6": { "start": { "line": 44, "column": 4 }, "end": { "line": 44, "column": 29 } },
      "7": { "start": { "line": 45, "column": 4 }, "end": { "line": 45, "column": 39 } },
      "8": { "start": { "line": 46, "column": 4 }, "end": { "line": 46, "column": 33 } },
      "9": { "start": { "line": 47, "column": 4 }, "end": { "line": 47, "column": 43 } },
      "10": { "start": { "line": 48, "column": 4 }, "end": { "line": 48, "column": 31 } },
      "11": { "start": { "line": 49, "column": 4 }, "end": { "line": 49, "column": 29 } },
      "12": { "start": { "line": 50, "column": 4 }, "end": { "line": 50, "column": 39 } },
      "13": { "start": { "line": 51, "column": 4 }, "end": { "line": 51, "column": 37 } },
      "14": { "start": { "line": 52, "column": 4 }, "end": { "line": 52, "column": 47 } },
      "15": { "start": { "line": 53, "column": 4 }, "end": { "line": 53, "column": 45 } },
      "16": { "start": { "line": 54, "column": 4 }, "end": { "line": 54, "column": 45 } },
      "17": { "start": { "line": 55, "column": 4 }, "end": { "line": 55, "column": 41 } },
      "18": { "start": { "line": 56, "column": 4 }, "end": { "line": 56, "column": 53 } },
      "19": { "start": { "line": 57, "column": 4 }, "end": { "line": 57, "column": 19 } },
      "20": { "start": { "line": 58, "column": 4 }, "end": { "line": 58, "column": 41 } },
      "21": { "start": { "line": 62, "column": 4 }, "end": { "line": 79, "column": 6 } },
      "22": { "start": { "line": 83, "column": 4 }, "end": { "line": 100, "column": 6 } },
      "23": { "start": { "line": 104, "column": 15 }, "end": { "line": 104, "column": 41 } },
      "24": { "start": { "line": 104, "column": 29 }, "end": { "line": 104, "column": 40 } },
      "25": { "start": { "line": 105, "column": 14 }, "end": { "line": 105, "column": 31 } },
      "26": { "start": { "line": 106, "column": 14 }, "end": { "line": 106, "column": 26 } },
      "27": { "start": { "line": 107, "column": 19 }, "end": { "line": 107, "column": 43 } },
      "28": { "start": { "line": 108, "column": 17 }, "end": { "line": 108, "column": 19 } },
      "29": { "start": { "line": 109, "column": 15 }, "end": { "line": 109, "column": 17 } },
      "30": { "start": { "line": 110, "column": 4 }, "end": { "line": 120, "column": 5 } },
      "31": { "start": { "line": 110, "column": 17 }, "end": { "line": 110, "column": 18 } },
      "32": { "start": { "line": 112, "column": 6 }, "end": { "line": 112, "column": 31 } },
      "33": { "start": { "line": 113, "column": 6 }, "end": { "line": 113, "column": 38 } },
      "34": { "start": { "line": 114, "column": 6 }, "end": { "line": 114, "column": 24 } },
      "35": { "start": { "line": 115, "column": 22 }, "end": { "line": 115, "column": 90 } },
      "36": { "start": { "line": 115, "column": 39 }, "end": { "line": 115, "column": 56 } },
      "37": { "start": { "line": 115, "column": 70 }, "end": { "line": 115, "column": 89 } },
      "38": { "start": { "line": 116, "column": 6 }, "end": { "line": 118, "column": 7 } },
      "39": { "start": { "line": 117, "column": 8 }, "end": { "line": 117, "column": 48 } },
      "40": { "start": { "line": 117, "column": 39 }, "end": { "line": 117, "column": 46 } },
      "41": { "start": { "line": 119, "column": 6 }, "end": { "line": 119, "column": 27 } },
      "42": { "start": { "line": 121, "column": 4 }, "end": { "line": 121, "column": 42 } },
      "43": { "start": { "line": 125, "column": 4 }, "end": { "line": 142, "column": 6 } }
    },
    "fnMap": {
      "0": {
        "name": "getRandomInt",
        "decl": { "start": { "line": 4, "column": 9 }, "end": { "line": 4, "column": 21 } },
        "loc": { "start": { "line": 4, "column": 27 }, "end": { "line": 6, "column": 1 } },
        "line": 4
      },
      "1": {
        "name": "getRandomBool",
        "decl": { "start": { "line": 7, "column": 9 }, "end": { "line": 7, "column": 22 } },
        "loc": { "start": { "line": 7, "column": 25 }, "end": { "line": 9, "column": 1 } },
        "line": 7
      },
      "2": {
        "name": "getRandomIP",
        "decl": { "start": { "line": 10, "column": 9 }, "end": { "line": 10, "column": 20 } },
        "loc": { "start": { "line": 10, "column": 23 }, "end": { "line": 15, "column": 1 } },
        "line": 10
      },
      "3": {
        "name": "(anonymous_3)",
        "decl": { "start": { "line": 25, "column": 2 }, "end": { "line": 25, "column": 3 } },
        "loc": { "start": { "line": 42, "column": 4 }, "end": { "line": 59, "column": 3 } },
        "line": 42
      },
      "4": {
        "name": "(anonymous_4)",
        "decl": { "start": { "line": 61, "column": 2 }, "end": { "line": 61, "column": 3 } },
        "loc": { "start": { "line": 61, "column": 34 }, "end": { "line": 80, "column": 3 } },
        "line": 61
      },
      "5": {
        "name": "(anonymous_5)",
        "decl": { "start": { "line": 82, "column": 2 }, "end": { "line": 82, "column": 3 } },
        "loc": { "start": { "line": 82, "column": 18 }, "end": { "line": 101, "column": 3 } },
        "line": 82
      },
      "6": {
        "name": "(anonymous_6)",
        "decl": { "start": { "line": 103, "column": 2 }, "end": { "line": 103, "column": 3 } },
        "loc": { "start": { "line": 103, "column": 44 }, "end": { "line": 122, "column": 3 } },
        "line": 103
      },
      "7": {
        "name": "(anonymous_7)",
        "decl": { "start": { "line": 104, "column": 24 }, "end": { "line": 104, "column": 25 } },
        "loc": { "start": { "line": 104, "column": 29 }, "end": { "line": 104, "column": 40 } },
        "line": 104
      },
      "8": {
        "name": "(anonymous_8)",
        "decl": { "start": { "line": 115, "column": 34 }, "end": { "line": 115, "column": 35 } },
        "loc": { "start": { "line": 115, "column": 39 }, "end": { "line": 115, "column": 56 } },
        "line": 115
      },
      "9": {
        "name": "(anonymous_9)",
        "decl": { "start": { "line": 115, "column": 65 }, "end": { "line": 115, "column": 66 } },
        "loc": { "start": { "line": 115, "column": 70 }, "end": { "line": 115, "column": 89 } },
        "line": 115
      },
      "10": {
        "name": "(anonymous_10)",
        "decl": { "start": { "line": 117, "column": 34 }, "end": { "line": 117, "column": 35 } },
        "loc": { "start": { "line": 117, "column": 39 }, "end": { "line": 117, "column": 46 } },
        "line": 117
      },
      "11": {
        "name": "(anonymous_11)",
        "decl": { "start": { "line": 124, "column": 2 }, "end": { "line": 124, "column": 3 } },
        "loc": { "start": { "line": 124, "column": 11 }, "end": { "line": 143, "column": 3 } },
        "line": 124
      }
    },
    "branchMap": {
      "0": {
        "loc": { "start": { "line": 58, "column": 17 }, "end": { "line": 58, "column": 40 } },
        "type": "binary-expr",
        "locations": [
          { "start": { "line": 58, "column": 17 }, "end": { "line": 58, "column": 22 } },
          { "start": { "line": 58, "column": 26 }, "end": { "line": 58, "column": 40 } }
        ],
        "line": 58
      },
      "1": {
        "loc": { "start": { "line": 63, "column": 6 }, "end": { "line": 63, "column": 56 } },
        "type": "cond-expr",
        "locations": [
          { "start": { "line": 63, "column": 38 }, "end": { "line": 63, "column": 44 } },
          { "start": { "line": 63, "column": 47 }, "end": { "line": 63, "column": 56 } }
        ],
        "line": 63
      },
      "2": {
        "loc": { "start": { "line": 77, "column": 6 }, "end": { "line": 77, "column": 88 } },
        "type": "cond-expr",
        "locations": [
          { "start": { "line": 77, "column": 38 }, "end": { "line": 77, "column": 48 } },
          { "start": { "line": 77, "column": 51 }, "end": { "line": 77, "column": 88 } }
        ],
        "line": 77
      },
      "3": {
        "loc": { "start": { "line": 77, "column": 51 }, "end": { "line": 77, "column": 88 } },
        "type": "cond-expr",
        "locations": [
          { "start": { "line": 77, "column": 76 }, "end": { "line": 77, "column": 81 } },
          { "start": { "line": 77, "column": 84 }, "end": { "line": 77, "column": 88 } }
        ],
        "line": 77
      },
      "4": {
        "loc": { "start": { "line": 99, "column": 6 }, "end": { "line": 99, "column": 56 } },
        "type": "cond-expr",
        "locations": [
          { "start": { "line": 99, "column": 24 }, "end": { "line": 99, "column": 40 } },
          { "start": { "line": 99, "column": 43 }, "end": { "line": 99, "column": 56 } }
        ],
        "line": 99
      },
      "5": {
        "loc": { "start": { "line": 116, "column": 6 }, "end": { "line": 118, "column": 7 } },
        "type": "if",
        "locations": [
          { "start": { "line": 116, "column": 6 }, "end": { "line": 118, "column": 7 } },
          { "start": { "line": 116, "column": 6 }, "end": { "line": 118, "column": 7 } }
        ],
        "line": 116
      }
    },
    "s": {
      "0": 252,
      "1": 24,
      "2": 24,
      "3": 24,
      "4": 3,
      "5": 13,
      "6": 13,
      "7": 13,
      "8": 13,
      "9": 13,
      "10": 13,
      "11": 13,
      "12": 13,
      "13": 13,
      "14": 13,
      "15": 13,
      "16": 13,
      "17": 13,
      "18": 13,
      "19": 13,
      "20": 13,
      "21": 1,
      "22": 12,
      "23": 2,
      "24": 672,
      "25": 2,
      "26": 2,
      "27": 2,
      "28": 2,
      "29": 2,
      "30": 2,
      "31": 2,
      "32": 18,
      "33": 18,
      "34": 18,
      "35": 18,
      "36": 6048,
      "37": 4136,
      "38": 18,
      "39": 9,
      "40": 331,
      "41": 18,
      "42": 2,
      "43": 1
    },
    "f": {
      "0": 252,
      "1": 24,
      "2": 24,
      "3": 13,
      "4": 1,
      "5": 12,
      "6": 2,
      "7": 672,
      "8": 6048,
      "9": 4136,
      "10": 331,
      "11": 1
    },
    "b": { "0": [13, 1], "1": [1, 0], "2": [0, 1], "3": [1, 0], "4": [0, 12], "5": [9, 9] },
    "_coverageSchema": "1a1c01bbd47fc00a2c39e90264f33305004495a9",
    "hash": "64e088f28017fe7355a2cc5a47a1a89044d894f2"
  },
  "/Users/hirotakaishihara/Desktop/sphinx_tool/sphinx-frontend/src/redux/store.js": {
    "path": "/Users/hirotakaishihara/Desktop/sphinx_tool/sphinx-frontend/src/redux/store.js",
    "statementMap": {
      "0": { "start": { "line": 6, "column": 27 }, "end": { "line": 6, "column": 59 } },
      "1": { "start": { "line": 8, "column": 14 }, "end": { "line": 8, "column": 79 } }
    },
    "fnMap": {},
    "branchMap": {},
    "s": { "0": 1, "1": 1 },
    "f": {},
    "b": {},
    "_coverageSchema": "1a1c01bbd47fc00a2c39e90264f33305004495a9",
    "hash": "849293cec368d8caa265c24e4910ca236f1179f5"
  },
  "/Users/hirotakaishihara/Desktop/sphinx_tool/sphinx-frontend/src/redux/actions/auth.js": {
    "path": "/Users/hirotakaishihara/Desktop/sphinx_tool/sphinx-frontend/src/redux/actions/auth.js",
    "statementMap": {
      "0": { "start": { "line": 6, "column": 2 }, "end": { "line": 27, "column": 4 } },
      "1": { "start": { "line": 7, "column": 4 }, "end": { "line": 7, "column": 38 } },
      "2": { "start": { "line": 9, "column": 4 }, "end": { "line": 26, "column": 6 } },
      "3": { "start": { "line": 11, "column": 26 }, "end": { "line": 11, "column": 34 } },
      "4": { "start": { "line": 12, "column": 8 }, "end": { "line": 12, "column": 44 } },
      "5": { "start": { "line": 13, "column": 8 }, "end": { "line": 16, "column": 11 } },
      "6": { "start": { "line": 21, "column": 8 }, "end": { "line": 24, "column": 11 } },
      "7": { "start": { "line": 30, "column": 15 }, "end": { "line": 32, "column": 1 } },
      "8": { "start": { "line": 30, "column": 21 }, "end": { "line": 32, "column": 1 } },
      "9": { "start": { "line": 31, "column": 2 }, "end": { "line": 31, "column": 32 } },
      "10": { "start": { "line": 34, "column": 20 }, "end": { "line": 37, "column": 1 } }
    },
    "fnMap": {
      "0": {
        "name": "login",
        "decl": { "start": { "line": 5, "column": 9 }, "end": { "line": 5, "column": 14 } },
        "loc": { "start": { "line": 5, "column": 24 }, "end": { "line": 28, "column": 1 } },
        "line": 5
      },
      "1": {
        "name": "(anonymous_1)",
        "decl": { "start": { "line": 6, "column": 9 }, "end": { "line": 6, "column": 10 } },
        "loc": { "start": { "line": 6, "column": 21 }, "end": { "line": 27, "column": 3 } },
        "line": 6
      },
      "2": {
        "name": "(anonymous_2)",
        "decl": { "start": { "line": 10, "column": 6 }, "end": { "line": 10, "column": 7 } },
        "loc": { "start": { "line": 10, "column": 13 }, "end": { "line": 19, "column": 7 } },
        "line": 10
      },
      "3": {
        "name": "(anonymous_3)",
        "decl": { "start": { "line": 20, "column": 6 }, "end": { "line": 20, "column": 7 } },
        "loc": { "start": { "line": 20, "column": 15 }, "end": { "line": 25, "column": 7 } },
        "line": 20
      },
      "4": {
        "name": "(anonymous_4)",
        "decl": { "start": { "line": 30, "column": 15 }, "end": { "line": 30, "column": 16 } },
        "loc": { "start": { "line": 30, "column": 21 }, "end": { "line": 32, "column": 1 } },
        "line": 30
      },
      "5": {
        "name": "(anonymous_5)",
        "decl": { "start": { "line": 30, "column": 21 }, "end": { "line": 30, "column": 22 } },
        "loc": { "start": { "line": 30, "column": 33 }, "end": { "line": 32, "column": 1 } },
        "line": 30
      }
    },
    "branchMap": {},
    "s": {
      "0": 0,
      "1": 0,
      "2": 0,
      "3": 0,
      "4": 0,
      "5": 0,
      "6": 0,
      "7": 1,
      "8": 0,
      "9": 0,
      "10": 1
    },
    "f": { "0": 0, "1": 0, "2": 0, "3": 0, "4": 0, "5": 0 },
    "b": {},
    "_coverageSchema": "1a1c01bbd47fc00a2c39e90264f33305004495a9",
    "hash": "5ae4366fd539c9726463209dd761c4c49c935382"
  },
  "/Users/hirotakaishihara/Desktop/sphinx_tool/sphinx-frontend/src/redux/actions/traffic.js": {
    "path": "/Users/hirotakaishihara/Desktop/sphinx_tool/sphinx-frontend/src/redux/actions/traffic.js",
    "statementMap": {
      "0": { "start": { "line": 28, "column": 23 }, "end": { "line": 48, "column": 1 } },
      "1": { "start": { "line": 28, "column": 47 }, "end": { "line": 48, "column": 1 } },
      "2": { "start": { "line": 29, "column": 2 }, "end": { "line": 47, "column": 38 } },
      "3": { "start": { "line": 31, "column": 6 }, "end": { "line": 31, "column": 40 } },
      "4": { "start": { "line": 31, "column": 33 }, "end": { "line": 31, "column": 40 } },
      "5": { "start": { "line": 32, "column": 17 }, "end": { "line": 32, "column": 30 } },
      "6": { "start": { "line": 33, "column": 6 }, "end": { "line": 45, "column": 9 } },
      "7": { "start": { "line": 34, "column": 18 }, "end": { "line": 34, "column": 45 } },
      "8": { "start": { "line": 35, "column": 8 }, "end": { "line": 44, "column": 13 } },
      "9": { "start": { "line": 37, "column": 12 }, "end": { "line": 37, "column": 79 } },
      "10": { "start": { "line": 38, "column": 12 }, "end": { "line": 38, "column": 57 } },
      "11": { "start": { "line": 41, "column": 12 }, "end": { "line": 41, "column": 29 } },
      "12": { "start": { "line": 42, "column": 12 }, "end": { "line": 42, "column": 39 } },
      "13": { "start": { "line": 43, "column": 12 }, "end": { "line": 43, "column": 57 } },
      "14": { "start": { "line": 47, "column": 18 }, "end": { "line": 47, "column": 36 } },
      "15": { "start": { "line": 50, "column": 21 }, "end": { "line": 52, "column": 1 } },
      "16": { "start": { "line": 50, "column": 36 }, "end": { "line": 52, "column": 1 } },
      "17": { "start": { "line": 51, "column": 2 }, "end": { "line": 51, "column": 57 } },
      "18": { "start": { "line": 54, "column": 22 }, "end": { "line": 56, "column": 1 } },
      "19": { "start": { "line": 54, "column": 28 }, "end": { "line": 56, "column": 1 } },
      "20": { "start": { "line": 55, "column": 2 }, "end": { "line": 55, "column": 40 } },
      "21": { "start": { "line": 58, "column": 25 }, "end": { "line": 60, "column": 1 } },
      "22": { "start": { "line": 58, "column": 31 }, "end": { "line": 60, "column": 1 } },
      "23": { "start": { "line": 59, "column": 2 }, "end": { "line": 59, "column": 43 } },
      "24": { "start": { "line": 62, "column": 23 }, "end": { "line": 68, "column": 1 } }
    },
    "fnMap": {
      "0": {
        "name": "(anonymous_0)",
        "decl": { "start": { "line": 28, "column": 23 }, "end": { "line": 28, "column": 24 } },
        "loc": { "start": { "line": 28, "column": 47 }, "end": { "line": 48, "column": 1 } },
        "line": 28
      },
      "1": {
        "name": "(anonymous_1)",
        "decl": { "start": { "line": 28, "column": 47 }, "end": { "line": 28, "column": 48 } },
        "loc": { "start": { "line": 28, "column": 59 }, "end": { "line": 48, "column": 1 } },
        "line": 28
      },
      "2": {
        "name": "(anonymous_2)",
        "decl": { "start": { "line": 30, "column": 10 }, "end": { "line": 30, "column": 11 } },
        "loc": { "start": { "line": 30, "column": 17 }, "end": { "line": 46, "column": 5 } },
        "line": 30
      },
      "3": {
        "name": "(anonymous_3)",
        "decl": { "start": { "line": 33, "column": 19 }, "end": { "line": 33, "column": 20 } },
        "loc": { "start": { "line": 33, "column": 24 }, "end": { "line": 45, "column": 7 } },
        "line": 33
      },
      "4": {
        "name": "(anonymous_4)",
        "decl": { "start": { "line": 36, "column": 16 }, "end": { "line": 36, "column": 17 } },
        "loc": { "start": { "line": 36, "column": 23 }, "end": { "line": 39, "column": 11 } },
        "line": 36
      },
      "5": {
        "name": "(anonymous_5)",
        "decl": { "start": { "line": 40, "column": 17 }, "end": { "line": 40, "column": 18 } },
        "loc": { "start": { "line": 40, "column": 24 }, "end": { "line": 44, "column": 11 } },
        "line": 40
      },
      "6": {
        "name": "(anonymous_6)",
        "decl": { "start": { "line": 47, "column": 11 }, "end": { "line": 47, "column": 12 } },
        "loc": { "start": { "line": 47, "column": 18 }, "end": { "line": 47, "column": 36 } },
        "line": 47
      },
      "7": {
        "name": "(anonymous_7)",
        "decl": { "start": { "line": 50, "column": 21 }, "end": { "line": 50, "column": 22 } },
        "loc": { "start": { "line": 50, "column": 36 }, "end": { "line": 52, "column": 1 } },
        "line": 50
      },
      "8": {
        "name": "(anonymous_8)",
        "decl": { "start": { "line": 50, "column": 36 }, "end": { "line": 50, "column": 37 } },
        "loc": { "start": { "line": 50, "column": 48 }, "end": { "line": 52, "column": 1 } },
        "line": 50
      },
      "9": {
        "name": "(anonymous_9)",
        "decl": { "start": { "line": 54, "column": 22 }, "end": { "line": 54, "column": 23 } },
        "loc": { "start": { "line": 54, "column": 28 }, "end": { "line": 56, "column": 1 } },
        "line": 54
      },
      "10": {
        "name": "(anonymous_10)",
        "decl": { "start": { "line": 54, "column": 28 }, "end": { "line": 54, "column": 29 } },
        "loc": { "start": { "line": 54, "column": 40 }, "end": { "line": 56, "column": 1 } },
        "line": 54
      },
      "11": {
        "name": "(anonymous_11)",
        "decl": { "start": { "line": 58, "column": 25 }, "end": { "line": 58, "column": 26 } },
        "loc": { "start": { "line": 58, "column": 31 }, "end": { "line": 60, "column": 1 } },
        "line": 58
      },
      "12": {
        "name": "(anonymous_12)",
        "decl": { "start": { "line": 58, "column": 31 }, "end": { "line": 58, "column": 32 } },
        "loc": { "start": { "line": 58, "column": 43 }, "end": { "line": 60, "column": 1 } },
        "line": 58
      }
    },
    "branchMap": {
      "0": {
        "loc": { "start": { "line": 31, "column": 6 }, "end": { "line": 31, "column": 40 } },
        "type": "if",
        "locations": [
          { "start": { "line": 31, "column": 6 }, "end": { "line": 31, "column": 40 } },
          { "start": { "line": 31, "column": 6 }, "end": { "line": 31, "column": 40 } }
        ],
        "line": 31
      },
      "1": {
        "loc": { "start": { "line": 37, "column": 24 }, "end": { "line": 37, "column": 78 } },
        "type": "cond-expr",
        "locations": [
          { "start": { "line": 37, "column": 46 }, "end": { "line": 37, "column": 59 } },
          { "start": { "line": 37, "column": 62 }, "end": { "line": 37, "column": 78 } }
        ],
        "line": 37
      }
    },
    "s": {
      "0": 1,
      "1": 0,
      "2": 0,
      "3": 0,
      "4": 0,
      "5": 0,
      "6": 0,
      "7": 0,
      "8": 0,
      "9": 0,
      "10": 0,
      "11": 0,
      "12": 0,
      "13": 0,
      "14": 0,
      "15": 1,
      "16": 0,
      "17": 0,
      "18": 1,
      "19": 0,
      "20": 0,
      "21": 1,
      "22": 0,
      "23": 0,
      "24": 1
    },
    "f": {
      "0": 0,
      "1": 0,
      "2": 0,
      "3": 0,
      "4": 0,
      "5": 0,
      "6": 0,
      "7": 0,
      "8": 0,
      "9": 0,
      "10": 0,
      "11": 0,
      "12": 0
    },
    "b": { "0": [0, 0], "1": [0, 0] },
    "_coverageSchema": "1a1c01bbd47fc00a2c39e90264f33305004495a9",
    "hash": "b5119972d90a0207d3ff0b34f4522893535fcf97"
  },
  "/Users/hirotakaishihara/Desktop/sphinx_tool/sphinx-frontend/src/redux/constant/actionTypes.js": {
    "path": "/Users/hirotakaishihara/Desktop/sphinx_tool/sphinx-frontend/src/redux/constant/actionTypes.js",
    "statementMap": {
      "0": { "start": { "line": 1, "column": 29 }, "end": { "line": 1, "column": 44 } },
      "1": { "start": { "line": 2, "column": 29 }, "end": { "line": 2, "column": 44 } },
      "2": { "start": { "line": 3, "column": 29 }, "end": { "line": 3, "column": 44 } },
      "3": { "start": { "line": 4, "column": 25 }, "end": { "line": 4, "column": 36 } }
    },
    "fnMap": {},
    "branchMap": {},
    "s": { "0": 1, "1": 1, "2": 1, "3": 1 },
    "f": {},
    "b": {},
    "_coverageSchema": "1a1c01bbd47fc00a2c39e90264f33305004495a9",
    "hash": "c611afa5413474da47a554538d6ab777bd8100c5"
  },
  "/Users/hirotakaishihara/Desktop/sphinx_tool/sphinx-frontend/src/redux/constant/trafficActionTypes.js": {
    "path": "/Users/hirotakaishihara/Desktop/sphinx_tool/sphinx-frontend/src/redux/constant/trafficActionTypes.js",
    "statementMap": {
      "0": { "start": { "line": 1, "column": 31 }, "end": { "line": 1, "column": 48 } },
      "1": { "start": { "line": 2, "column": 30 }, "end": { "line": 2, "column": 46 } },
      "2": { "start": { "line": 3, "column": 28 }, "end": { "line": 3, "column": 42 } },
      "3": { "start": { "line": 4, "column": 25 }, "end": { "line": 4, "column": 36 } },
      "4": { "start": { "line": 5, "column": 28 }, "end": { "line": 5, "column": 42 } }
    },
    "fnMap": {},
    "branchMap": {},
    "s": { "0": 1, "1": 1, "2": 1, "3": 1, "4": 1 },
    "f": {},
    "b": {},
    "_coverageSchema": "1a1c01bbd47fc00a2c39e90264f33305004495a9",
    "hash": "84d8ff7ef33e9bf71332560a6f541fea340bbbe4"
  },
  "/Users/hirotakaishihara/Desktop/sphinx_tool/sphinx-frontend/src/redux/reducers/auth.js": {
    "path": "/Users/hirotakaishihara/Desktop/sphinx_tool/sphinx-frontend/src/redux/reducers/auth.js",
    "statementMap": {
      "0": { "start": { "line": 3, "column": 15 }, "end": { "line": 3, "column": 43 } },
      "1": { "start": { "line": 4, "column": 21 }, "end": { "line": 4, "column": 73 } },
      "2": { "start": { "line": 6, "column": 13 }, "end": { "line": 27, "column": 1 } },
      "3": { "start": { "line": 7, "column": 2 }, "end": { "line": 26, "column": 3 } },
      "4": { "start": { "line": 9, "column": 6 }, "end": { "line": 9, "column": 66 } },
      "5": { "start": { "line": 12, "column": 6 }, "end": { "line": 12, "column": 80 } },
      "6": { "start": { "line": 16, "column": 6 }, "end": { "line": 16, "column": 58 } },
      "7": { "start": { "line": 20, "column": 6 }, "end": { "line": 20, "column": 38 } },
      "8": { "start": { "line": 21, "column": 6 }, "end": { "line": 21, "column": 52 } },
      "9": { "start": { "line": 25, "column": 6 }, "end": { "line": 25, "column": 19 } }
    },
    "fnMap": {
      "0": {
        "name": "(anonymous_0)",
        "decl": { "start": { "line": 6, "column": 13 }, "end": { "line": 6, "column": 14 } },
        "loc": { "start": { "line": 6, "column": 47 }, "end": { "line": 27, "column": 1 } },
        "line": 6
      }
    },
    "branchMap": {
      "0": {
        "loc": { "start": { "line": 4, "column": 21 }, "end": { "line": 4, "column": 73 } },
        "type": "cond-expr",
        "locations": [
          { "start": { "line": 4, "column": 30 }, "end": { "line": 4, "column": 51 } },
          { "start": { "line": 4, "column": 54 }, "end": { "line": 4, "column": 73 } }
        ],
        "line": 4
      },
      "1": {
        "loc": { "start": { "line": 6, "column": 14 }, "end": { "line": 6, "column": 34 } },
        "type": "default-arg",
        "locations": [{ "start": { "line": 6, "column": 22 }, "end": { "line": 6, "column": 34 } }],
        "line": 6
      },
      "2": {
        "loc": { "start": { "line": 7, "column": 2 }, "end": { "line": 26, "column": 3 } },
        "type": "switch",
        "locations": [
          { "start": { "line": 8, "column": 4 }, "end": { "line": 9, "column": 66 } },
          { "start": { "line": 11, "column": 4 }, "end": { "line": 13, "column": 5 } },
          { "start": { "line": 15, "column": 4 }, "end": { "line": 17, "column": 5 } },
          { "start": { "line": 19, "column": 4 }, "end": { "line": 22, "column": 5 } },
          { "start": { "line": 24, "column": 4 }, "end": { "line": 25, "column": 19 } }
        ],
        "line": 7
      }
    },
    "s": { "0": 1, "1": 1, "2": 1, "3": 3, "4": 0, "5": 0, "6": 0, "7": 0, "8": 0, "9": 3 },
    "f": { "0": 3 },
    "b": { "0": [0, 1], "1": [3], "2": [0, 0, 0, 0, 3] },
    "_coverageSchema": "1a1c01bbd47fc00a2c39e90264f33305004495a9",
    "hash": "6037a14ded8955de9ee5f48f55f34163bd9850dd"
  },
  "/Users/hirotakaishihara/Desktop/sphinx_tool/sphinx-frontend/src/redux/reducers/index.js": {
    "path": "/Users/hirotakaishihara/Desktop/sphinx_tool/sphinx-frontend/src/redux/reducers/index.js",
    "statementMap": {},
    "fnMap": {},
    "branchMap": {},
    "s": {},
    "f": {},
    "b": {},
    "_coverageSchema": "1a1c01bbd47fc00a2c39e90264f33305004495a9",
    "hash": "fa7e4388969bf4efebfadae000de91a5c7771f57"
  },
  "/Users/hirotakaishihara/Desktop/sphinx_tool/sphinx-frontend/src/redux/reducers/traffic.js": {
    "path": "/Users/hirotakaishihara/Desktop/sphinx_tool/sphinx-frontend/src/redux/reducers/traffic.js",
    "statementMap": {
      "0": { "start": { "line": 9, "column": 11 }, "end": { "line": 9, "column": 13 } },
      "1": { "start": { "line": 10, "column": 21 }, "end": { "line": 13, "column": 1 } },
      "2": { "start": { "line": 15, "column": 16 }, "end": { "line": 72, "column": 1 } },
      "3": { "start": { "line": 16, "column": 13 }, "end": { "line": 16, "column": 23 } },
      "4": { "start": { "line": 17, "column": 18 }, "end": { "line": 17, "column": 33 } },
      "5": { "start": { "line": 18, "column": 2 }, "end": { "line": 71, "column": 3 } },
      "6": { "start": { "line": 20, "column": 6 }, "end": { "line": 20, "column": 28 } },
      "7": { "start": { "line": 21, "column": 6 }, "end": { "line": 24, "column": 8 } },
      "8": { "start": { "line": 28, "column": 6 }, "end": { "line": 34, "column": 7 } },
      "9": { "start": { "line": 28, "column": 30 }, "end": { "line": 28, "column": 52 } },
      "10": { "start": { "line": 29, "column": 8 }, "end": { "line": 29, "column": 30 } },
      "11": { "start": { "line": 30, "column": 8 }, "end": { "line": 33, "column": 10 } },
      "12": { "start": { "line": 35, "column": 6 }, "end": { "line": 35, "column": 19 } },
      "13": { "start": { "line": 39, "column": 18 }, "end": { "line": 39, "column": 57 } },
      "14": { "start": { "line": 39, "column": 38 }, "end": { "line": 39, "column": 56 } },
      "15": { "start": { "line": 40, "column": 6 }, "end": { "line": 40, "column": 39 } },
      "16": { "start": { "line": 41, "column": 6 }, "end": { "line": 44, "column": 8 } },
      "17": { "start": { "line": 48, "column": 18 }, "end": { "line": 48, "column": 59 } },
      "18": { "start": { "line": 48, "column": 43 }, "end": { "line": 48, "column": 58 } },
      "19": { "start": { "line": 49, "column": 6 }, "end": { "line": 55, "column": 7 } },
      "20": { "start": { "line": 50, "column": 8 }, "end": { "line": 50, "column": 34 } },
      "21": { "start": { "line": 51, "column": 8 }, "end": { "line": 54, "column": 10 } },
      "22": { "start": { "line": 59, "column": 18 }, "end": { "line": 59, "column": 59 } },
      "23": { "start": { "line": 59, "column": 43 }, "end": { "line": 59, "column": 58 } },
      "24": { "start": { "line": 60, "column": 6 }, "end": { "line": 66, "column": 7 } },
      "25": { "start": { "line": 61, "column": 8 }, "end": { "line": 61, "column": 35 } },
      "26": { "start": { "line": 62, "column": 8 }, "end": { "line": 65, "column": 10 } },
      "27": { "start": { "line": 70, "column": 6 }, "end": { "line": 70, "column": 19 } }
    },
    "fnMap": {
      "0": {
        "name": "(anonymous_0)",
        "decl": { "start": { "line": 15, "column": 16 }, "end": { "line": 15, "column": 17 } },
        "loc": { "start": { "line": 15, "column": 50 }, "end": { "line": 72, "column": 1 } },
        "line": 15
      },
      "1": {
        "name": "(anonymous_1)",
        "decl": { "start": { "line": 28, "column": 25 }, "end": { "line": 28, "column": 26 } },
        "loc": { "start": { "line": 28, "column": 30 }, "end": { "line": 28, "column": 52 } },
        "line": 28
      },
      "2": {
        "name": "(anonymous_2)",
        "decl": { "start": { "line": 39, "column": 33 }, "end": { "line": 39, "column": 34 } },
        "loc": { "start": { "line": 39, "column": 38 }, "end": { "line": 39, "column": 56 } },
        "line": 39
      },
      "3": {
        "name": "(anonymous_3)",
        "decl": { "start": { "line": 48, "column": 38 }, "end": { "line": 48, "column": 39 } },
        "loc": { "start": { "line": 48, "column": 43 }, "end": { "line": 48, "column": 58 } },
        "line": 48
      },
      "4": {
        "name": "(anonymous_4)",
        "decl": { "start": { "line": 59, "column": 38 }, "end": { "line": 59, "column": 39 } },
        "loc": { "start": { "line": 59, "column": 43 }, "end": { "line": 59, "column": 58 } },
        "line": 59
      }
    },
    "branchMap": {
      "0": {
        "loc": { "start": { "line": 15, "column": 17 }, "end": { "line": 15, "column": 37 } },
        "type": "default-arg",
        "locations": [
          { "start": { "line": 15, "column": 25 }, "end": { "line": 15, "column": 37 } }
        ],
        "line": 15
      },
      "1": {
        "loc": { "start": { "line": 18, "column": 2 }, "end": { "line": 71, "column": 3 } },
        "type": "switch",
        "locations": [
          { "start": { "line": 19, "column": 4 }, "end": { "line": 25, "column": 5 } },
          { "start": { "line": 27, "column": 4 }, "end": { "line": 36, "column": 5 } },
          { "start": { "line": 38, "column": 4 }, "end": { "line": 45, "column": 5 } },
          { "start": { "line": 47, "column": 4 }, "end": { "line": 56, "column": 5 } },
          { "start": { "line": 58, "column": 4 }, "end": { "line": 67, "column": 5 } },
          { "start": { "line": 69, "column": 4 }, "end": { "line": 70, "column": 19 } }
        ],
        "line": 18
      },
      "2": {
        "loc": { "start": { "line": 28, "column": 6 }, "end": { "line": 34, "column": 7 } },
        "type": "if",
        "locations": [
[...]
      "9": { "start": { "line": 63, "column": 2 }, "end": { "line": 83, "column": 4 } },
      "10": { "start": { "line": 86, "column": 17 }, "end": { "line": 88, "column": 1 } },
      "11": { "start": { "line": 87, "column": 2 }, "end": { "line": 87, "column": 20 } },
      "12": { "start": { "line": 90, "column": 22 }, "end": { "line": 92, "column": 1 } }
    },
    "fnMap": {
      "0": {
        "name": "Login",
        "decl": { "start": { "line": 16, "column": 9 }, "end": { "line": 16, "column": 14 } },
        "loc": { "start": { "line": 16, "column": 50 }, "end": { "line": 84, "column": 1 } },
        "line": 16
      },
      "1": {
        "name": "validateName",
        "decl": { "start": { "line": 23, "column": 11 }, "end": { "line": 23, "column": 23 } },
        "loc": { "start": { "line": 23, "column": 31 }, "end": { "line": 27, "column": 3 } },
        "line": 23
      },
      "2": {
        "name": "onSubmit",
        "decl": { "start": { "line": 29, "column": 11 }, "end": { "line": 29, "column": 19 } },
        "loc": { "start": { "line": 29, "column": 28 }, "end": { "line": 38, "column": 3 } },
        "line": 29
      },
      "3": {
        "name": "renderForm",
        "decl": { "start": { "line": 40, "column": 11 }, "end": { "line": 40, "column": 21 } },
        "loc": { "start": { "line": 40, "column": 24 }, "end": { "line": 61, "column": 3 } },
        "line": 40
      },
      "4": {
        "name": "(anonymous_4)",
        "decl": { "start": { "line": 43, "column": 11 }, "end": { "line": 43, "column": 12 } },
        "loc": { "start": { "line": 44, "column": 8 }, "end": { "line": 58, "column": 22 } },
        "line": 44
      },
      "5": {
        "name": "(anonymous_5)",
        "decl": { "start": { "line": 86, "column": 17 }, "end": { "line": 86, "column": 18 } },
        "loc": { "start": { "line": 86, "column": 26 }, "end": { "line": 88, "column": 1 } },
        "line": 86
      }
    },
    "branchMap": {
      "0": {
        "loc": { "start": { "line": 19, "column": 2 }, "end": { "line": 21, "column": 3 } },
        "type": "if",
        "locations": [
          { "start": { "line": 19, "column": 2 }, "end": { "line": 21, "column": 3 } },
          { "start": { "line": 19, "column": 2 }, "end": { "line": 21, "column": 3 } }
        ],
        "line": 19
      },
      "1": {
        "loc": { "start": { "line": 25, "column": 4 }, "end": { "line": 25, "column": 67 } },
        "type": "if",
        "locations": [
          { "start": { "line": 25, "column": 4 }, "end": { "line": 25, "column": 67 } },
          { "start": { "line": 25, "column": 4 }, "end": { "line": 25, "column": 67 } }
        ],
        "line": 25
      },
      "2": {
        "loc": { "start": { "line": 26, "column": 11 }, "end": { "line": 26, "column": 24 } },
        "type": "binary-expr",
        "locations": [
          { "start": { "line": 26, "column": 11 }, "end": { "line": 26, "column": 16 } },
          { "start": { "line": 26, "column": 20 }, "end": { "line": 26, "column": 24 } }
        ],
        "line": 26
      },
      "3": {
        "loc": { "start": { "line": 44, "column": 51 }, "end": { "line": 44, "column": 90 } },
        "type": "cond-expr",
        "locations": [
          { "start": { "line": 44, "column": 61 }, "end": { "line": 44, "column": 72 } },
          { "start": { "line": 44, "column": 75 }, "end": { "line": 44, "column": 90 } }
        ],
        "line": 44
      },
      "4": {
        "loc": { "start": { "line": 45, "column": 30 }, "end": { "line": 45, "column": 63 } },
        "type": "cond-expr",
        "locations": [
          { "start": { "line": 45, "column": 40 }, "end": { "line": 45, "column": 50 } },
          { "start": { "line": 45, "column": 53 }, "end": { "line": 45, "column": 63 } }
        ],
        "line": 45
      },
      "5": {
        "loc": { "start": { "line": 46, "column": 13 }, "end": { "line": 46, "column": 55 } },
        "type": "cond-expr",
        "locations": [
          { "start": { "line": 46, "column": 23 }, "end": { "line": 46, "column": 42 } },
          { "start": { "line": 46, "column": 45 }, "end": { "line": 46, "column": 55 } }
        ],
        "line": 46
      },
      "6": {
        "loc": { "start": { "line": 49, "column": 18 }, "end": { "line": 49, "column": 58 } },
        "type": "cond-expr",
        "locations": [
          { "start": { "line": 49, "column": 28 }, "end": { "line": 49, "column": 45 } },
          { "start": { "line": 49, "column": 48 }, "end": { "line": 49, "column": 58 } }
        ],
        "line": 49
      },
      "7": {
        "loc": { "start": { "line": 50, "column": 25 }, "end": { "line": 50, "column": 73 } },
        "type": "cond-expr",
        "locations": [
          { "start": { "line": 50, "column": 35 }, "end": { "line": 50, "column": 60 } },
          { "start": { "line": 50, "column": 63 }, "end": { "line": 50, "column": 73 } }
        ],
        "line": 50
      },
      "8": {
        "loc": { "start": { "line": 54, "column": 13 }, "end": { "line": 56, "column": 58 } },
        "type": "cond-expr",
        "locations": [
          { "start": { "line": 55, "column": 16 }, "end": { "line": 55, "column": 50 } },
          { "start": { "line": 56, "column": 16 }, "end": { "line": 56, "column": 58 } }
        ],
        "line": 54
      },
      "9": {
        "loc": { "start": { "line": 55, "column": 16 }, "end": { "line": 55, "column": 50 } },
        "type": "binary-expr",
        "locations": [
          { "start": { "line": 55, "column": 16 }, "end": { "line": 55, "column": 27 } },
          { "start": { "line": 55, "column": 31 }, "end": { "line": 55, "column": 50 } }
        ],
        "line": 55
      },
      "10": {
        "loc": { "start": { "line": 56, "column": 16 }, "end": { "line": 56, "column": 58 } },
        "type": "binary-expr",
        "locations": [
          { "start": { "line": 56, "column": 16 }, "end": { "line": 56, "column": 31 } },
          { "start": { "line": 56, "column": 35 }, "end": { "line": 56, "column": 58 } }
        ],
        "line": 56
      }
    },
    "s": {
      "0": 0,
      "1": 0,
      "2": 0,
      "3": 0,
      "4": 0,
      "5": 0,
      "6": 0,
      "7": 0,
      "8": 0,
      "9": 0,
      "10": 1,
      "11": 0,
      "12": 1
    },
    "f": { "0": 0, "1": 0, "2": 0, "3": 0, "4": 0, "5": 0 },
    "b": {
      "0": [0, 0],
      "1": [0, 0],
      "2": [0, 0],
      "3": [0, 0],
      "4": [0, 0],
      "5": [0, 0],
      "6": [0, 0],
      "7": [0, 0],
      "8": [0, 0],
      "9": [0, 0],
      "10": [0, 0]
    },
    "_coverageSchema": "1a1c01bbd47fc00a2c39e90264f33305004495a9",
    "hash": "0d638e7166dd0ad58724de0248f6fcce227c1c7b"
  },
  "/Users/hirotakaishihara/Desktop/sphinx_tool/sphinx-frontend/src/utils/color.js": {
    "path": "/Users/hirotakaishihara/Desktop/sphinx_tool/sphinx-frontend/src/utils/color.js",
    "statementMap": {
      "0": { "start": { "line": 1, "column": 20 }, "end": { "line": 5, "column": 1 } },
      "1": { "start": { "line": 9, "column": 2 }, "end": { "line": 13, "column": 3 } },
      "2": { "start": { "line": 9, "column": 15 }, "end": { "line": 9, "column": 16 } },
      "3": { "start": { "line": 10, "column": 4 }, "end": { "line": 12, "column": 5 } },
      "4": { "start": { "line": 11, "column": 6 }, "end": { "line": 11, "column": 12 } },
      "5": { "start": { "line": 14, "column": 14 }, "end": { "line": 14, "column": 34 } },
      "6": { "start": { "line": 15, "column": 14 }, "end": { "line": 15, "column": 30 } },
      "7": { "start": { "line": 16, "column": 14 }, "end": { "line": 16, "column": 35 } },
      "8": { "start": { "line": 17, "column": 17 }, "end": { "line": 17, "column": 42 } },
      "9": { "start": { "line": 18, "column": 17 }, "end": { "line": 18, "column": 29 } },
      "10": { "start": { "line": 19, "column": 17 }, "end": { "line": 19, "column": 25 } },
      "11": { "start": { "line": 20, "column": 14 }, "end": { "line": 24, "column": 3 } },
      "12": { "start": { "line": 25, "column": 2 }, "end": { "line": 25, "column": 62 } }
    },
    "fnMap": {
      "0": {
        "name": "getColorForPercentage",
        "decl": { "start": { "line": 7, "column": 16 }, "end": { "line": 7, "column": 37 } },
        "loc": { "start": { "line": 7, "column": 43 }, "end": { "line": 27, "column": 1 } },
        "line": 7
      }
    },
    "branchMap": {
      "0": {
        "loc": { "start": { "line": 10, "column": 4 }, "end": { "line": 12, "column": 5 } },
        "type": "if",
        "locations": [
          { "start": { "line": 10, "column": 4 }, "end": { "line": 12, "column": 5 } },
          { "start": { "line": 10, "column": 4 }, "end": { "line": 12, "column": 5 } }
        ],
        "line": 10
      }
    },
    "s": {
      "0": 1,
      "1": 0,
      "2": 0,
      "3": 0,
      "4": 0,
      "5": 0,
      "6": 0,
      "7": 0,
      "8": 0,
      "9": 0,
      "10": 0,
      "11": 0,
      "12": 0
    },
    "f": { "0": 0 },
    "b": { "0": [0, 0] },
    "_coverageSchema": "1a1c01bbd47fc00a2c39e90264f33305004495a9",
    "hash": "67f9a1947b2d0f34903751d3c35aecc5393069f4"
  },
  "/Users/hirotakaishihara/Desktop/sphinx_tool/sphinx-frontend/src/utils/endpoints.js": {
    "path": "/Users/hirotakaishihara/Desktop/sphinx_tool/sphinx-frontend/src/utils/endpoints.js",
    "statementMap": {
      "0": { "start": { "line": 2, "column": 2 }, "end": { "line": 4, "column": 44 } },
      "1": { "start": { "line": 7, "column": 2 }, "end": { "line": 9, "column": 42 } }
    },
    "fnMap": {},
    "branchMap": {
      "0": {
        "loc": { "start": { "line": 2, "column": 2 }, "end": { "line": 4, "column": 44 } },
        "type": "cond-expr",
        "locations": [
          { "start": { "line": 3, "column": 6 }, "end": { "line": 3, "column": 29 } },
          { "start": { "line": 4, "column": 6 }, "end": { "line": 4, "column": 44 } }
        ],
        "line": 2
      },
      "1": {
        "loc": { "start": { "line": 7, "column": 2 }, "end": { "line": 9, "column": 42 } },
        "type": "cond-expr",
        "locations": [
          { "start": { "line": 8, "column": 6 }, "end": { "line": 8, "column": 29 } },
          { "start": { "line": 9, "column": 6 }, "end": { "line": 9, "column": 42 } }
        ],
        "line": 7
      }
    },
    "s": { "0": 3, "1": 3 },
    "f": {},
    "b": { "0": [0, 3], "1": [0, 3] },
    "_coverageSchema": "1a1c01bbd47fc00a2c39e90264f33305004495a9",
    "hash": "5602d1218699d9d8308ea49015cb089f70657c28"
  },
  "/Users/hirotakaishihara/Desktop/sphinx_tool/sphinx-frontend/src/utils/history.js": {
    "path": "/Users/hirotakaishihara/Desktop/sphinx_tool/sphinx-frontend/src/utils/history.js",
    "statementMap": {
      "0": { "start": { "line": 3, "column": 23 }, "end": { "line": 3, "column": 45 } }
    },
    "fnMap": {},
    "branchMap": {},
    "s": { "0": 1 },
    "f": {},
    "b": {},
    "_coverageSchema": "1a1c01bbd47fc00a2c39e90264f33305004495a9",
    "hash": "6f5acd6fa2ab4a352ebb15cd9aceb0b1c379bab5"
  },
  "/Users/hirotakaishihara/Desktop/sphinx_tool/sphinx-frontend/src/utils/theme.js": {
    "path": "/Users/hirotakaishihara/Desktop/sphinx_tool/sphinx-frontend/src/utils/theme.js",
    "statementMap": {
      "0": { "start": { "line": 3, "column": 20 }, "end": { "line": 30, "column": 1 } }
    },
    "fnMap": {},
    "branchMap": {},
    "s": { "0": 1 },
    "f": {},
    "b": {},
    "_coverageSchema": "1a1c01bbd47fc00a2c39e90264f33305004495a9",
    "hash": "85682ace5c7521cb6d84575c9278a445747e1ddd"
  },
  "/Users/hirotakaishihara/Desktop/sphinx_tool/sphinx-frontend/src/utils/timeStamp.js": {
    "path": "/Users/hirotakaishihara/Desktop/sphinx_tool/sphinx-frontend/src/utils/timeStamp.js",
    "statementMap": {
      "0": { "start": { "line": 2, "column": 12 }, "end": { "line": 2, "column": 22 } },
      "1": { "start": { "line": 5, "column": 15 }, "end": { "line": 5, "column": 55 } },
      "2": { "start": { "line": 6, "column": 2 }, "end": { "line": 6, "column": 16 } },
      "3": { "start": { "line": 10, "column": 10 }, "end": { "line": 10, "column": 29 } },
      "4": { "start": { "line": 11, "column": 2 }, "end": { "line": 18, "column": 4 } },
      "5": { "start": { "line": 22, "column": 12 }, "end": { "line": 22, "column": 30 } },
      "6": { "start": { "line": 23, "column": 2 }, "end": { "line": 23, "column": 91 } },
      "7": { "start": { "line": 27, "column": 12 }, "end": { "line": 27, "column": 30 } },
      "8": { "start": { "line": 28, "column": 2 }, "end": { "line": 28, "column": 44 } },
      "9": { "start": { "line": 31, "column": 22 }, "end": { "line": 31, "column": 59 } },
      "10": { "start": { "line": 31, "column": 29 }, "end": { "line": 31, "column": 59 } },
      "11": { "start": { "line": 31, "column": 50 }, "end": { "line": 31, "column": 55 } },
      "12": { "start": { "line": 32, "column": 29 }, "end": { "line": 37, "column": 1 } },
      "13": { "start": { "line": 33, "column": 14 }, "end": { "line": 33, "column": 40 } },
      "14": { "start": { "line": 33, "column": 28 }, "end": { "line": 33, "column": 39 } },
      "15": { "start": { "line": 34, "column": 12 }, "end": { "line": 34, "column": 30 } },
      "16": { "start": { "line": 35, "column": 12 }, "end": { "line": 35, "column": 30 } },
      "17": { "start": { "line": 36, "column": 2 }, "end": { "line": 36, "column": 37 } },
      "18": { "start": { "line": 39, "column": 36 }, "end": { "line": 45, "column": 1 } },
      "19": { "start": { "line": 40, "column": 16 }, "end": { "line": 40, "column": 43 } },
      "20": { "start": { "line": 41, "column": 2 }, "end": { "line": 43, "column": 3 } },
      "21": { "start": { "line": 42, "column": 4 }, "end": { "line": 42, "column": 44 } },
      "22": { "start": { "line": 44, "column": 2 }, "end": { "line": 44, "column": 17 } },
      "23": { "start": { "line": 48, "column": 2 }, "end": { "line": 48, "column": 61 } },
      "24": { "start": { "line": 48, "column": 12 }, "end": { "line": 48, "column": 61 } },
      "25": { "start": { "line": 49, "column": 2 }, "end": { "line": 49, "column": 18 } },
      "26": { "start": { "line": 52, "column": 23 }, "end": { "line": 64, "column": 1 } },
      "27": { "start": { "line": 53, "column": 2 }, "end": { "line": 57, "column": 8 } },
      "28": { "start": { "line": 56, "column": 8 }, "end": { "line": 56, "column": 27 } }
    },
    "fnMap": {
      "0": {
        "name": "addZero",
        "decl": { "start": { "line": 4, "column": 9 }, "end": { "line": 4, "column": 16 } },
        "loc": { "start": { "line": 4, "column": 23 }, "end": { "line": 7, "column": 1 } },
        "line": 4
      },
      "1": {
        "name": "getTimeObject",
        "decl": { "start": { "line": 9, "column": 16 }, "end": { "line": 9, "column": 29 } },
        "loc": { "start": { "line": 9, "column": 35 }, "end": { "line": 19, "column": 1 } },
        "line": 9
      },
      "2": {
        "name": "int2time",
        "decl": { "start": { "line": 21, "column": 16 }, "end": { "line": 21, "column": 24 } },
        "loc": { "start": { "line": 21, "column": 30 }, "end": { "line": 24, "column": 1 } },
        "line": 21
      },
      "3": {
        "name": "int2sec",
        "decl": { "start": { "line": 26, "column": 16 }, "end": { "line": 26, "column": 23 } },
        "loc": { "start": { "line": 26, "column": 29 }, "end": { "line": 29, "column": 1 } },
        "line": 26
      },
      "4": {
        "name": "(anonymous_4)",
        "decl": { "start": { "line": 31, "column": 22 }, "end": { "line": 31, "column": 23 } },
        "loc": { "start": { "line": 31, "column": 29 }, "end": { "line": 31, "column": 59 } },
        "line": 31
      },
      "5": {
        "name": "(anonymous_5)",
        "decl": { "start": { "line": 31, "column": 40 }, "end": { "line": 31, "column": 41 } },
        "loc": { "start": { "line": 31, "column": 50 }, "end": { "line": 31, "column": 55 } },
        "line": 31
      },
      "6": {
        "name": "(anonymous_6)",
        "decl": { "start": { "line": 32, "column": 29 }, "end": { "line": 32, "column": 30 } },
        "loc": { "start": { "line": 32, "column": 47 }, "end": { "line": 37, "column": 1 } },
        "line": 32
      },
      "7": {
        "name": "(anonymous_7)",
        "decl": { "start": { "line": 33, "column": 23 }, "end": { "line": 33, "column": 24 } },
        "loc": { "start": { "line": 33, "column": 28 }, "end": { "line": 33, "column": 39 } },
        "line": 33
      },
      "8": {
        "name": "(anonymous_8)",
        "decl": { "start": { "line": 39, "column": 36 }, "end": { "line": 39, "column": 37 } },
        "loc": { "start": { "line": 39, "column": 56 }, "end": { "line": 45, "column": 1 } },
        "line": 39
      },
      "9": {
        "name": "getAverage",
        "decl": { "start": { "line": 47, "column": 9 }, "end": { "line": 47, "column": 19 } },
        "loc": { "start": { "line": 47, "column": 29 }, "end": { "line": 50, "column": 1 } },
        "line": 47
      },
      "10": {
        "name": "(anonymous_10)",
        "decl": { "start": { "line": 52, "column": 23 }, "end": { "line": 52, "column": 24 } },
        "loc": { "start": { "line": 52, "column": 57 }, "end": { "line": 64, "column": 1 } },
        "line": 52
      },
      "11": {
        "name": "(anonymous_11)",
        "decl": { "start": { "line": 55, "column": 84 }, "end": { "line": 55, "column": 85 } },
        "loc": { "start": { "line": 56, "column": 8 }, "end": { "line": 56, "column": 27 } },
        "line": 56
      }
    },
    "branchMap": {
      "0": {
        "loc": { "start": { "line": 5, "column": 15 }, "end": { "line": 5, "column": 55 } },
        "type": "cond-expr",
        "locations": [
          { "start": { "line": 5, "column": 27 }, "end": { "line": 5, "column": 48 } },
          { "start": { "line": 5, "column": 51 }, "end": { "line": 5, "column": 55 } }
        ],
        "line": 5
      },
      "1": {
        "loc": { "start": { "line": 48, "column": 2 }, "end": { "line": 48, "column": 61 } },
        "type": "if",
        "locations": [
          { "start": { "line": 48, "column": 2 }, "end": { "line": 48, "column": 61 } },
          { "start": { "line": 48, "column": 2 }, "end": { "line": 48, "column": 61 } }
        ],
        "line": 48
      },
      "2": {
        "loc": { "start": { "line": 48, "column": 19 }, "end": { "line": 48, "column": 60 } },
        "type": "cond-expr",
        "locations": [
          { "start": { "line": 48, "column": 36 }, "end": { "line": 48, "column": 56 } },
          { "start": { "line": 48, "column": 59 }, "end": { "line": 48, "column": 60 } }
        ],
        "line": 48
      },
      "3": {
        "loc": { "start": { "line": 53, "column": 9 }, "end": { "line": 57, "column": 7 } },
        "type": "cond-expr",
        "locations": [
          { "start": { "line": 54, "column": 6 }, "end": { "line": 54, "column": 29 } },
          { "start": { "line": 55, "column": 6 }, "end": { "line": 57, "column": 7 } }
        ],
        "line": 53
      }
    },
    "s": {
      "0": 1,
      "1": 0,
      "2": 0,
      "3": 0,
      "4": 0,
      "5": 0,
      "6": 0,
      "7": 0,
      "8": 0,
      "9": 1,
      "10": 0,
      "11": 0,
      "12": 1,
      "13": 0,
      "14": 0,
      "15": 0,
      "16": 0,
      "17": 0,
      "18": 1,
      "19": 0,
      "20": 0,
      "21": 0,
      "22": 0,
      "23": 0,
      "24": 0,
      "25": 0,
      "26": 1,
      "27": 0,
      "28": 0
    },
    "f": {
      "0": 0,
      "1": 0,
      "2": 0,
      "3": 0,
      "4": 0,
      "5": 0,
      "6": 0,
      "7": 0,
      "8": 0,
      "9": 0,
      "10": 0,
      "11": 0
    },
    "b": { "0": [0, 0], "1": [0, 0], "2": [0, 0], "3": [0, 0] },
    "_coverageSchema": "1a1c01bbd47fc00a2c39e90264f33305004495a9",
    "hash": "9bc6a1318dc2574a1ec4664b478475bc6bf71c22"
  }
}
