TN:
SF:src/App.js
FN:7,(anonymous_0)
FNF:1
FNH:1
FNDA:1,(anonymous_0)
DA:7,1
DA:8,1
LF:2
LH:2
BRF:0
BRH:0
end_of_record
TN:
SF:src/index.js
FNF:0
FNH:0
DA:11,0
DA:28,0
LF:2
LH:0
BRF:0
BRH:0
end_of_record
TN:
SF:src/serviceWorker.js
FN:21,register
FN:32,(anonymous_1)
FN:41,(anonymous_2)
FN:55,registerValidSW
FN:58,(anonymous_4)
FN:59,(anonymous_5)
FN:64,(anonymous_6)
FN:94,(anonymous_7)
FN:99,checkValidServiceWorker
FN:104,(anonymous_9)
FN:112,(anonymous_10)
FN:113,(anonymous_11)
FN:122,(anonymous_12)
FN:127,unregister
FN:130,(anonymous_14)
FN:133,(anonymous_15)
FNF:16
FNH:0
FNDA:0,register
FNDA:0,(anonymous_1)
FNDA:0,(anonymous_2)
FNDA:0,registerValidSW
FNDA:0,(anonymous_4)
FNDA:0,(anonymous_5)
FNDA:0,(anonymous_6)
FNDA:0,(anonymous_7)
FNDA:0,checkValidServiceWorker
FNDA:0,(anonymous_9)
FNDA:0,(anonymous_10)
FNDA:0,(anonymous_11)
FNDA:0,(anonymous_12)
FNDA:0,unregister
FNDA:0,(anonymous_14)
FNDA:0,(anonymous_15)
DA:13,0
DA:22,0
DA:24,0
DA:25,0
DA:29,0
DA:32,0
DA:33,0
DA:35,0
DA:37,0
DA:41,0
DA:42,0
DA:49,0
DA:56,0
DA:59,0
DA:60,0
DA:61,0
DA:62,0
DA:64,0
DA:65,0
DA:66,0
DA:70,0
DA:76,0
DA:77,0
DA:83,0
DA:86,0
DA:87,0
DA:95,0
DA:101,0
DA:106,0
DA:107,0
DA:112,0
DA:113,0
DA:114,0
DA:119,0
DA:123,0
DA:128,0
DA:129,0
DA:131,0
DA:134,0
LF:39
LH:0
BRDA:14,0,0,0
BRDA:14,0,1,0
BRDA:14,0,2,0
BRDA:22,1,0,0
BRDA:22,1,1,0
BRDA:22,2,0,0
BRDA:22,2,1,0
BRDA:25,3,0,0
BRDA:25,3,1,0
BRDA:35,4,0,0
BRDA:35,4,1,0
BRDA:61,5,0,0
BRDA:61,5,1,0
BRDA:65,6,0,0
BRDA:65,6,1,0
BRDA:66,7,0,0
BRDA:66,7,1,0
BRDA:76,8,0,0
BRDA:76,8,1,0
BRDA:76,9,0,0
BRDA:76,9,1,0
BRDA:86,10,0,0
BRDA:86,10,1,0
BRDA:86,11,0,0
BRDA:86,11,1,0
BRDA:107,12,0,0
BRDA:107,12,1,0
BRDA:108,13,0,0
BRDA:108,13,1,0
BRDA:108,13,2,0
BRDA:128,14,0,0
BRDA:128,14,1,0
BRF:32
BRH:0
end_of_record
TN:
SF:src/api/ai.js
FN:8,predict
FN:27,cluster
FN:28,(anonymous_2)
FNF:3
FNH:3
FNDA:1,predict
FNDA:1,cluster
FNDA:21,(anonymous_2)
DA:4,4
DA:9,1
DA:24,1
DA:28,21
DA:40,1
LF:5
LH:5
BRDA:38,0,0,2
BRDA:38,0,1,19
BRF:2
BRH:2
end_of_record
TN:
SF:src/api/backend.js
FN:8,get_traffic
FNF:1
FNH:1
FNDA:1,get_traffic
DA:4,4
DA:9,1
LF:2
LH:2
BRF:0
BRH:0
end_of_record
TN:
SF:src/api/geoLocation.js
FN:12,findIpLocation
FNF:1
FNH:1
FNDA:1,findIpLocation
DA:3,2
DA:6,2
DA:8,2
DA:13,1
LF:4
LH:4
BRF:0
BRH:0
end_of_record
TN:
SF:src/components/BarChart.js
FN:12,(anonymous_0)
FN:22,(anonymous_1)
FN:33,(anonymous_2)
FN:44,(anonymous_3)
FN:53,(anonymous_4)
FN:103,(anonymous_5)
FN:107,(anonymous_6)
FNF:7
FNH:0
FNDA:0,(anonymous_0)
FNDA:0,(anonymous_1)
FNDA:0,(anonymous_2)
FNDA:0,(anonymous_3)
FNDA:0,(anonymous_4)
FNDA:0,(anonymous_5)
FNDA:0,(anonymous_6)
DA:7,1
DA:8,1
DA:9,1
DA:13,0
DA:14,0
DA:15,0
DA:16,0
DA:17,0
DA:18,0
DA:19,0
DA:23,0
DA:24,0
DA:25,0
DA:26,0
DA:28,0
DA:33,0
DA:35,0
DA:41,0
DA:45,0
DA:53,0
DA:104,0
DA:108,0
LF:22
LH:3
BRDA:24,0,0,0
BRDA:24,0,1,0
BRDA:25,1,0,0
BRDA:25,1,1,0
BRDA:32,2,0,0
BRDA:32,2,1,0
BRDA:38,3,0,0
BRDA:38,3,1,0
BRDA:51,4,0,0
BRDA:51,4,1,0
BRDA:52,5,0,0
BRDA:52,5,1,0
BRDA:61,6,0,0
BRDA:61,6,1,0
BRDA:62,7,0,0
BRDA:62,7,1,0
BRDA:94,8,0,0
BRDA:94,8,1,0
BRF:18
BRH:0
end_of_record
TN:
SF:src/components/Counting.js
FN:3,(anonymous_0)
FNF:1
FNH:1
FNDA:1,(anonymous_0)
DA:3,1
DA:4,1
LF:2
LH:2
BRF:0
BRH:0
end_of_record
TN:
SF:src/components/IPTable.js
FN:37,(anonymous_0)
FN:42,InfoTable
FN:44,(anonymous_2)
FN:49,(anonymous_3)
FN:64,(anonymous_4)
FN:67,(anonymous_5)
FN:68,(anonymous_6)
FNF:7
FNH:6
FNDA:0,(anonymous_0)
FNDA:1,InfoTable
FNDA:1,(anonymous_2)
FNDA:2,(anonymous_3)
FNDA:1,(anonymous_4)
FNDA:20,(anonymous_5)
FNDA:20,(anonymous_6)
DA:12,1
DA:30,1
DA:37,1
DA:38,0
DA:39,0
DA:43,1
DA:44,1
DA:45,1
DA:50,2
DA:64,1
DA:65,1
DA:68,20
DA:69,20
DA:82,0
DA:88,1
LF:15
LH:12
BRDA:38,0,0,0
BRDA:38,0,1,0
BRDA:53,1,0,1
BRDA:53,1,1,1
BRDA:68,2,0,20
BRDA:68,2,1,0
BRDA:75,3,0,0
BRDA:75,3,1,20
BRF:8
BRH:4
end_of_record
TN:
SF:src/components/Logo.js
FN:4,Logo
FNF:1
FNH:1
FNDA:1,Logo
DA:5,1
LF:1
LH:1
BRF:0
BRH:0
end_of_record
TN:
SF:src/components/PrivateComponent.js
FN:7,(anonymous_0)
FN:21,(anonymous_1)
FNF:2
FNH:2
FNDA:1,(anonymous_0)
FNDA:1,(anonymous_1)
DA:7,2
DA:10,1
DA:21,2
DA:22,1
LF:4
LH:4
BRDA:10,0,0,0
BRDA:10,0,1,1
BRF:2
BRH:1
end_of_record
TN:
SF:src/model/traffic.js
FN:4,getRandomInt
FN:7,getRandomBool
FN:10,getRandomIP
FN:25,(anonymous_3)
FN:61,(anonymous_4)
FN:82,(anonymous_5)
FN:103,(anonymous_6)
FN:104,(anonymous_7)
FN:115,(anonymous_8)
FN:115,(anonymous_9)
FN:117,(anonymous_10)
FN:124,(anonymous_11)
FNF:12
FNH:12
FNDA:1302,getRandomInt
FNDA:124,getRandomBool
FNDA:124,getRandomIP
FNDA:63,(anonymous_3)
FNDA:1,(anonymous_4)
FNDA:62,(anonymous_5)
FNDA:5,(anonymous_6)
FNDA:714,(anonymous_7)
FNDA:6132,(anonymous_8)
FNDA:4188,(anonymous_9)
FNDA:350,(anonymous_10)
FNDA:1,(anonymous_11)
DA:5,1302
DA:8,124
DA:11,124
DA:14,124
DA:17,6
DA:43,63
DA:44,63
DA:45,63
DA:46,63
DA:47,63
DA:48,63
DA:49,63
DA:50,63
DA:51,63
DA:52,63
DA:53,63
DA:54,63
DA:55,63
DA:56,63
DA:57,63
DA:58,63
DA:62,1
DA:83,62
DA:104,714
DA:105,5
DA:106,5
DA:107,5
DA:108,5
DA:109,5
DA:110,5
DA:112,24
DA:113,24
DA:114,24
DA:115,6132
DA:116,24
DA:117,350
DA:119,24
DA:121,5
DA:125,1
LF:39
LH:39
BRDA:58,0,0,63
BRDA:58,0,1,1
BRDA:63,1,0,1
BRDA:63,1,1,0
BRDA:77,2,0,0
BRDA:77,2,1,1
BRDA:77,3,0,1
BRDA:77,3,1,0
BRDA:99,4,0,3
BRDA:99,4,1,59
BRDA:116,5,0,11
BRDA:116,5,1,13
BRF:12
BRH:9
end_of_record
TN:
SF:src/redux/store.js
FNF:0
FNH:0
DA:6,1
DA:8,1
LF:2
LH:2
BRF:0
BRH:0
end_of_record
TN:
SF:src/redux/actions/auth.js
FN:5,login
FN:6,(anonymous_1)
FN:10,(anonymous_2)
FN:20,(anonymous_3)
FN:30,(anonymous_4)
FN:30,(anonymous_5)
FNF:6
FNH:4
FNDA:1,login
FNDA:1,(anonymous_1)
FNDA:0,(anonymous_2)
FNDA:0,(anonymous_3)
FNDA:1,(anonymous_4)
FNDA:1,(anonymous_5)
DA:6,1
DA:7,1
DA:9,1
DA:11,0
DA:12,0
DA:13,0
DA:21,0
DA:30,3
DA:31,1
DA:34,3
LF:10
LH:6
BRF:0
BRH:0
end_of_record
TN:
SF:src/redux/actions/traffic.js
FN:28,(anonymous_0)
FN:28,(anonymous_1)
FN:30,(anonymous_2)
FN:33,(anonymous_3)
FN:36,(anonymous_4)
FN:40,(anonymous_5)
FN:47,(anonymous_6)
FN:50,(anonymous_7)
FN:50,(anonymous_8)
FN:54,(anonymous_9)
FN:54,(anonymous_10)
FN:58,(anonymous_11)
FN:58,(anonymous_12)
FNF:13
FNH:7
FNDA:1,(anonymous_0)
FNDA:0,(anonymous_1)
FNDA:0,(anonymous_2)
FNDA:0,(anonymous_3)
FNDA:0,(anonymous_4)
FNDA:0,(anonymous_5)
FNDA:0,(anonymous_6)
FNDA:1,(anonymous_7)
FNDA:1,(anonymous_8)
FNDA:1,(anonymous_9)
FNDA:1,(anonymous_10)
FNDA:1,(anonymous_11)
FNDA:1,(anonymous_12)
DA:28,3
DA:29,0
DA:31,0
DA:32,0
DA:33,0
DA:34,0
DA:35,0
DA:37,0
DA:38,0
DA:41,0
DA:42,0
DA:43,0
DA:47,0
DA:50,3
DA:51,1
DA:54,3
DA:55,1
DA:58,3
DA:59,1
DA:62,3
LF:20
LH:8
BRDA:31,0,0,0
BRDA:31,0,1,0
BRDA:37,1,0,0
BRDA:37,1,1,0
BRF:4
BRH:0
end_of_record
TN:
SF:src/redux/constant/actionTypes.js
FNF:0
FNH:0
DA:1,3
DA:2,3
DA:3,3
DA:4,3
LF:4
LH:4
BRF:0
BRH:0
end_of_record
TN:
SF:src/redux/constant/trafficActionTypes.js
FNF:0
FNH:0
DA:1,3
DA:2,3
DA:3,3
DA:4,3
DA:5,3
LF:5
LH:5
BRF:0
BRH:0
end_of_record
TN:
SF:src/redux/reducers/auth.js
FN:6,(anonymous_0)
FNF:1
FNH:1
FNDA:10,(anonymous_0)
DA:3,3
DA:4,3
DA:6,3
DA:7,10
DA:9,1
DA:12,1
DA:16,0
DA:20,1
DA:21,1
DA:25,7
LF:10
LH:9
BRDA:4,0,0,0
BRDA:4,0,1,3
BRDA:6,1,0,6
BRDA:7,2,0,1
BRDA:7,2,1,1
BRDA:7,2,2,0
BRDA:7,2,3,1
BRDA:7,2,4,7
BRF:8
BRH:6
end_of_record
TN:
SF:src/redux/reducers/index.js
FNF:0
FNH:0
LF:0
LH:0
BRF:0
BRH:0
end_of_record
TN:
SF:src/redux/reducers/traffic.js
FN:15,(anonymous_0)
FN:28,(anonymous_1)
FN:39,(anonymous_2)
FN:48,(anonymous_3)
FN:59,(anonymous_4)
FNF:5
FNH:5
FNDA:12,(anonymous_0)
FNDA:1,(anonymous_1)
FNDA:1,(anonymous_2)
FNDA:1,(anonymous_3)
FNDA:1,(anonymous_4)
DA:9,3
DA:10,3
DA:15,3
DA:16,12
DA:17,12
DA:18,12
DA:20,1
DA:21,1
DA:28,1
DA:29,1
DA:30,1
DA:35,0
DA:39,1
DA:40,1
DA:41,1
DA:48,1
DA:49,1
DA:50,1
DA:51,1
DA:59,1
DA:60,1
DA:61,1
DA:62,1
DA:70,7
LF:24
LH:23
BRDA:15,0,0,7
BRDA:18,1,0,1
BRDA:18,1,1,1
BRDA:18,1,2,1
BRDA:18,1,3,1
BRDA:18,1,4,1
BRDA:18,1,5,7
BRDA:28,2,0,1
BRDA:28,2,1,0
BRDA:49,3,0,1
BRDA:49,3,1,0
BRDA:60,4,0,1
BRDA:60,4,1,0
BRF:13
BRH:10
end_of_record
TN:
SF:src/routes/index.js
FN:27,(anonymous_0)
FN:39,(anonymous_1)
FN:41,(anonymous_2)
FN:46,(anonymous_3)
FNF:4
FNH:1
FNDA:1,(anonymous_0)
FNDA:0,(anonymous_1)
FNDA:0,(anonymous_2)
FNDA:0,(anonymous_3)
DA:12,1
DA:27,1
DA:28,1
DA:40,0
DA:42,0
DA:47,0
LF:6
LH:3
BRF:0
BRH:0
end_of_record
TN:
SF:src/routes/Dashboard/DataLoader.js
FN:5,(anonymous_0)
FN:6,(anonymous_1)
FNF:2
FNH:0
FNDA:0,(anonymous_0)
FNDA:0,(anonymous_1)
DA:5,2
DA:6,0
DA:7,0
DA:10,0
DA:13,2
LF:5
LH:2
BRF:0
BRH:0
end_of_record
TN:
SF:src/routes/Dashboard/Header.js
FN:11,(anonymous_0)
FN:30,(anonymous_1)
FN:58,(anonymous_2)
FN:62,(anonymous_3)
FN:72,(anonymous_4)
FN:84,(anonymous_5)
FN:94,(anonymous_6)
FN:98,(anonymous_7)
FN:99,(anonymous_8)
FN:102,(anonymous_9)
FN:155,(anonymous_10)
FN:156,(anonymous_11)
FNF:12
FNH:0
FNDA:0,(anonymous_0)
FNDA:0,(anonymous_1)
FNDA:0,(anonymous_2)
FNDA:0,(anonymous_3)
FNDA:0,(anonymous_4)
FNDA:0,(anonymous_5)
FNDA:0,(anonymous_6)
FNDA:0,(anonymous_7)
FNDA:0,(anonymous_8)
FNDA:0,(anonymous_9)
FNDA:0,(anonymous_10)
FNDA:0,(anonymous_11)
DA:11,2
DA:12,0
DA:13,0
DA:30,2
DA:31,0
DA:32,0
DA:58,2
DA:59,0
DA:60,0
DA:63,0
DA:64,0
DA:72,2
DA:73,0
DA:86,0
DA:94,2
DA:95,0
DA:96,0
DA:97,0
DA:98,0
DA:99,0
DA:100,0
DA:102,0
DA:105,0
DA:155,0
DA:156,0
DA:166,2
LF:26
LH:6
BRDA:12,0,0,0
BRDA:15,1,0,0
BRDA:15,1,1,0
BRDA:16,2,0,0
BRDA:16,2,1,0
BRDA:18,3,0,0
BRDA:18,3,1,0
BRDA:19,4,0,0
BRDA:19,4,1,0
BRDA:21,5,0,0
BRDA:21,5,1,0
BRDA:22,6,0,0
BRDA:22,6,1,0
BRDA:67,7,0,0
BRDA:67,7,1,0
BRDA:122,8,0,0
BRDA:122,8,1,0
BRF:17
BRH:0
end_of_record
TN:
SF:src/routes/Dashboard/Analytics/index.js
FN:5,Analytics
FNF:1
FNH:0
FNDA:0,Analytics
DA:6,0
LF:1
LH:0
BRF:0
BRH:0
end_of_record
TN:
SF:src/routes/Dashboard/Analytics/Diagrams/index.js
FN:10,TabPanel
FN:47,(anonymous_1)
FN:58,CenteredTabs
FNF:3
FNH:0
FNDA:0,TabPanel
FNDA:0,(anonymous_1)
FNDA:0,CenteredTabs
DA:11,0
DA:13,0
DA:32,1
DA:38,1
DA:47,1
DA:48,0
DA:59,0
DA:61,0
LF:8
LH:3
BRDA:21,0,0,0
BRDA:21,0,1,0
BRF:2
BRH:0
end_of_record
TN:
SF:src/routes/Dashboard/Analytics/Diagrams/Flow/index.js
FN:37,(anonymous_0)
FN:49,(anonymous_1)
FN:62,(anonymous_2)
FN:73,mapStateToProps
FNF:4
FNH:0
FNDA:0,(anonymous_0)
FNDA:0,(anonymous_1)
FNDA:0,(anonymous_2)
FNDA:0,mapStateToProps
DA:6,1
DA:37,1
DA:38,0
DA:50,0
DA:63,0
DA:74,0
LF:6
LH:2
BRF:0
BRH:0
end_of_record
TN:
SF:src/routes/Dashboard/Analytics/Diagrams/Map/index.js
FN:16,(anonymous_0)
FN:19,(anonymous_1)
FN:24,(anonymous_2)
FN:26,(anonymous_3)
FN:30,(anonymous_4)
FN:33,(anonymous_5)
FN:45,(anonymous_6)
FN:52,(anonymous_7)
FN:54,(anonymous_8)
FN:107,mapStateToProps
FN:110,(anonymous_10)
FN:111,(anonymous_11)
FNF:12
FNH:0
FNDA:0,(anonymous_0)
FNDA:0,(anonymous_1)
FNDA:0,(anonymous_2)
FNDA:0,(anonymous_3)
FNDA:0,(anonymous_4)
FNDA:0,(anonymous_5)
FNDA:0,(anonymous_6)
FNDA:0,(anonymous_7)
FNDA:0,(anonymous_8)
FNDA:0,mapStateToProps
FNDA:0,(anonymous_10)
FNDA:0,(anonymous_11)
DA:16,1
DA:17,0
DA:18,0
DA:19,0
DA:20,0
DA:24,0
DA:25,0
DA:26,0
DA:27,0
DA:31,0
DA:32,0
DA:35,0
DA:36,0
DA:37,0
DA:43,0
DA:44,0
DA:45,0
DA:46,0
DA:48,0
DA:49,0
DA:52,0
DA:53,0
DA:54,0
DA:55,0
DA:59,0
DA:62,0
DA:108,0
DA:111,0
LF:28
LH:1
BRDA:31,0,0,0
BRDA:31,0,1,0
BRDA:36,1,0,0
BRDA:36,1,1,0
BRDA:46,2,0,0
BRDA:46,2,1,0
BRDA:53,3,0,0
BRDA:53,3,1,0
BRDA:55,4,0,0
BRDA:55,4,1,0
BRDA:111,5,0,0
BRDA:111,5,1,0
BRF:12
BRH:0
end_of_record
TN:
SF:src/routes/Dashboard/Analytics/Diagrams/Map/map.js
FN:7,(anonymous_0)
FN:16,(anonymous_1)
FN:19,(anonymous_2)
FN:24,(anonymous_3)
FNF:4
FNH:0
FNDA:0,(anonymous_0)
FNDA:0,(anonymous_1)
FNDA:0,(anonymous_2)
FNDA:0,(anonymous_3)
DA:5,1
DA:7,1
DA:8,0
DA:17,0
DA:20,0
DA:25,0
LF:6
LH:2
BRDA:26,0,0,0
BRDA:26,0,1,0
BRDA:27,1,0,0
BRDA:27,1,1,0
BRDA:42,2,0,0
BRDA:42,2,1,0
BRF:6
BRH:0
end_of_record
TN:
SF:src/routes/Dashboard/Analytics/Diagrams/Map/pie.js
FN:8,(anonymous_0)
FN:11,(anonymous_1)
FN:12,(anonymous_2)
FN:24,(anonymous_3)
FN:56,(anonymous_4)
FN:67,(anonymous_5)
FN:75,(anonymous_6)
FN:82,(anonymous_7)
FN:89,mapStateToProps
FNF:9
FNH:0
FNDA:0,(anonymous_0)
FNDA:0,(anonymous_1)
FNDA:0,(anonymous_2)
FNDA:0,(anonymous_3)
FNDA:0,(anonymous_4)
FNDA:0,(anonymous_5)
FNDA:0,(anonymous_6)
FNDA:0,(anonymous_7)
FNDA:0,mapStateToProps
DA:6,1
DA:7,1
DA:8,1
DA:9,0
DA:10,0
DA:11,0
DA:12,0
DA:13,0
DA:14,0
DA:15,0
DA:17,0
DA:20,0
DA:25,0
DA:26,0
DA:27,0
DA:30,0
DA:31,0
DA:40,0
DA:57,0
DA:58,0
DA:59,0
DA:60,0
DA:61,0
DA:68,0
DA:76,0
DA:77,0
DA:78,0
DA:83,0
DA:90,0
LF:29
LH:3
BRDA:13,0,0,0
BRDA:13,0,1,0
BRDA:76,1,0,0
BRDA:76,1,1,0
BRF:4
BRH:0
end_of_record
TN:
SF:src/routes/Dashboard/Analytics/Diagrams/Monitoring/LineChart.js
FN:13,(anonymous_0)
FN:24,(anonymous_1)
FN:51,(anonymous_2)
FN:84,(anonymous_3)
FN:94,(anonymous_4)
FN:104,(anonymous_5)
FN:112,(anonymous_6)
FN:116,(anonymous_7)
FNF:8
FNH:0
FNDA:0,(anonymous_0)
FNDA:0,(anonymous_1)
FNDA:0,(anonymous_2)
FNDA:0,(anonymous_3)
FNDA:0,(anonymous_4)
FNDA:0,(anonymous_5)
FNDA:0,(anonymous_6)
FNDA:0,(anonymous_7)
DA:7,1
DA:8,1
DA:9,1
DA:10,1
DA:14,0
DA:15,0
DA:16,0
DA:17,0
DA:18,0
DA:24,0
DA:36,0
DA:52,0
DA:53,0
DA:85,0
DA:86,0
DA:87,0
DA:89,0
DA:94,0
DA:95,0
DA:101,0
DA:105,0
DA:113,0
DA:117,0
LF:23
LH:4
BRDA:22,0,0,0
BRDA:22,0,1,0
BRDA:27,1,0,0
BRDA:27,1,1,0
BRDA:52,2,0,0
BRDA:52,2,1,0
BRDA:52,3,0,0
BRDA:52,3,1,0
BRDA:85,4,0,0
BRDA:85,4,1,0
BRDA:86,5,0,0
BRDA:86,5,1,0
BRF:12
BRH:0
end_of_record
TN:
SF:src/routes/Dashboard/Analytics/Diagrams/Monitoring/index.js
FN:5,(anonymous_0)
FN:29,mapStateToProps
FNF:2
FNH:0
FNDA:0,(anonymous_0)
FNDA:0,mapStateToProps
DA:5,1
DA:6,0
DA:30,0
LF:3
LH:1
BRF:0
BRH:0
end_of_record
TN:
SF:src/routes/Dashboard/Analytics/Diagrams/Packet/index.js
FN:21,(anonymous_0)
FN:33,(anonymous_1)
FN:41,mapStateToProps
FNF:3
FNH:0
FNDA:0,(anonymous_0)
FNDA:0,(anonymous_1)
FNDA:0,mapStateToProps
DA:6,1
DA:21,1
DA:22,0
DA:34,0
DA:42,0
LF:5
LH:2
BRF:0
BRH:0
end_of_record
TN:
SF:src/routes/Dashboard/Analytics/IPList/IPHeader.js
FN:12,(anonymous_0)
FN:36,(anonymous_1)
FN:53,(anonymous_2)
FN:54,(anonymous_3)
FNF:4
FNH:0
FNDA:0,(anonymous_0)
FNDA:0,(anonymous_1)
FNDA:0,(anonymous_2)
FNDA:0,(anonymous_3)
DA:12,1
DA:36,1
DA:37,0
DA:38,0
DA:53,0
DA:54,0
LF:6
LH:2
BRF:0
BRH:0
end_of_record
TN:
SF:src/routes/Dashboard/Analytics/IPList/IPItem.js
FN:15,(anonymous_0)
FN:66,(anonymous_1)
FN:89,(anonymous_2)
FN:90,(anonymous_3)
FN:101,(anonymous_4)
FNF:5
FNH:0
FNDA:0,(anonymous_0)
FNDA:0,(anonymous_1)
FNDA:0,(anonymous_2)
FNDA:0,(anonymous_3)
FNDA:0,(anonymous_4)
DA:15,1
DA:66,1
DA:67,0
DA:68,0
DA:89,0
DA:90,0
DA:101,0
LF:7
LH:2
BRDA:73,0,0,0
BRDA:73,0,1,0
BRF:2
BRH:0
end_of_record
TN:
SF:src/routes/Dashboard/Analytics/IPList/LineChart.js
FN:12,(anonymous_0)
FN:21,(anonymous_1)
FN:29,(anonymous_2)
FN:36,(anonymous_3)
FN:41,(anonymous_4)
FN:48,(anonymous_5)
FN:59,(anonymous_6)
FN:81,(anonymous_7)
FN:119,(anonymous_8)
FN:123,(anonymous_9)
FNF:10
FNH:0
FNDA:0,(anonymous_0)
FNDA:0,(anonymous_1)
FNDA:0,(anonymous_2)
FNDA:0,(anonymous_3)
FNDA:0,(anonymous_4)
FNDA:0,(anonymous_5)
FNDA:0,(anonymous_6)
FNDA:0,(anonymous_7)
FNDA:0,(anonymous_8)
FNDA:0,(anonymous_9)
DA:6,1
DA:7,1
DA:8,1
DA:9,1
DA:13,0
DA:14,0
DA:15,0
DA:16,0
DA:17,0
DA:18,0
DA:22,0
DA:23,0
DA:24,0
DA:26,0
DA:30,0
DA:32,0
DA:36,0
DA:38,0
DA:42,0
DA:48,0
DA:59,0
DA:68,0
DA:82,0
DA:83,0
DA:112,0
DA:120,0
DA:124,0
LF:27
LH:4
BRDA:22,0,0,0
BRDA:22,0,1,0
BRDA:23,1,0,0
BRDA:23,1,1,0
BRDA:27,2,0,0
BRDA:27,2,1,0
BRDA:33,3,0,0
BRDA:33,3,1,0
BRDA:46,4,0,0
BRDA:46,4,1,0
BRDA:52,5,0,0
BRDA:52,5,1,0
BRDA:82,6,0,0
BRDA:82,6,1,0
BRDA:82,7,0,0
BRDA:82,7,1,0
BRF:16
BRH:0
end_of_record
TN:
SF:src/routes/Dashboard/Analytics/IPList/index.js
FN:16,(anonymous_0)
FN:25,(anonymous_1)
FN:29,(anonymous_2)
FN:33,(anonymous_3)
FN:38,(anonymous_4)
FN:39,(anonymous_5)
FN:47,(anonymous_6)
FN:51,(anonymous_7)
FN:56,(anonymous_8)
FN:71,(anonymous_9)
FN:79,(anonymous_10)
FN:91,(anonymous_11)
FN:96,(anonymous_12)
FN:99,(anonymous_13)
FN:111,(anonymous_14)
FN:112,(anonymous_15)
FN:120,(anonymous_16)
FN:131,(anonymous_17)
FN:148,(anonymous_18)
FN:175,mapStateToProps
FN:179,(anonymous_20)
FN:180,(anonymous_21)
FNF:22
FNH:0
FNDA:0,(anonymous_0)
FNDA:0,(anonymous_1)
FNDA:0,(anonymous_2)
FNDA:0,(anonymous_3)
FNDA:0,(anonymous_4)
FNDA:0,(anonymous_5)
FNDA:0,(anonymous_6)
FNDA:0,(anonymous_7)
FNDA:0,(anonymous_8)
FNDA:0,(anonymous_9)
FNDA:0,(anonymous_10)
FNDA:0,(anonymous_11)
FNDA:0,(anonymous_12)
FNDA:0,(anonymous_13)
FNDA:0,(anonymous_14)
FNDA:0,(anonymous_15)
FNDA:0,(anonymous_16)
FNDA:0,(anonymous_17)
FNDA:0,(anonymous_18)
FNDA:0,mapStateToProps
FNDA:0,(anonymous_20)
FNDA:0,(anonymous_21)
DA:16,1
DA:22,1
DA:25,0
DA:29,0
DA:33,1
DA:34,0
DA:35,0
DA:36,0
DA:38,0
DA:39,0
DA:40,0
DA:41,0
DA:42,0
DA:47,0
DA:48,0
DA:51,0
DA:52,0
DA:53,0
DA:54,0
DA:56,0
DA:57,0
DA:58,0
DA:62,0
DA:63,0
DA:64,0
DA:65,0
DA:68,0
DA:69,0
DA:70,0
DA:71,0
DA:72,0
DA:76,0
DA:79,0
DA:80,0
DA:91,0
DA:97,0
DA:99,0
DA:111,0
DA:112,0
DA:113,0
DA:121,0
DA:122,0
DA:124,0
DA:131,0
DA:132,0
DA:147,0
DA:148,0
DA:176,0
DA:180,0
DA:184,1
LF:50
LH:4
BRDA:40,0,0,0
BRDA:40,0,1,0
BRDA:54,1,0,0
BRDA:54,1,1,0
BRDA:57,2,0,0
BRDA:57,2,1,0
BRDA:62,3,0,0
BRDA:62,3,1,0
BRDA:64,4,0,0
BRDA:64,4,1,0
BRDA:68,5,0,0
BRDA:68,5,1,0
BRDA:70,6,0,0
BRDA:70,6,1,0
BRDA:116,7,0,0
BRDA:116,7,1,0
BRDA:121,8,0,0
BRDA:121,8,1,0
BRDA:164,9,0,0
BRDA:164,9,1,0
BRDA:180,10,0,0
BRDA:180,10,1,0
BRF:22
BRH:0
end_of_record
TN:
SF:src/routes/Dashboard/Cluster/constant.js
FNF:0
FNH:0
DA:1,0
DA:18,0
LF:2
LH:0
BRF:0
BRH:0
end_of_record
TN:
SF:src/routes/Dashboard/Cluster/control.js
FN:8,(anonymous_0)
FN:24,Control
FN:28,(anonymous_2)
FN:45,(anonymous_3)
FNF:4
FNH:0
FNDA:0,(anonymous_0)
FNDA:0,Control
FNDA:0,(anonymous_2)
FNDA:0,(anonymous_3)
DA:8,1
DA:25,0
DA:26,0
DA:28,0
DA:29,0
DA:30,0
DA:33,0
DA:46,0
LF:8
LH:1
BRF:0
BRH:0
end_of_record
TN:
SF:src/routes/Dashboard/Cluster/index.js
FN:5,Cluster
FN:31,mapStateToProps
FNF:2
FNH:0
FNDA:0,Cluster
FNDA:0,mapStateToProps
DA:14,0
DA:32,0
LF:2
LH:0
BRF:0
BRH:0
end_of_record
TN:
SF:src/routes/Dashboard/Cluster/modal.js
FN:11,(anonymous_0)
FN:17,(anonymous_1)
FN:24,(anonymous_2)
FN:31,(anonymous_3)
FN:36,(anonymous_4)
FN:46,(anonymous_5)
FN:47,(anonymous_6)
FNF:7
FNH:0
FNDA:0,(anonymous_0)
FNDA:0,(anonymous_1)
FNDA:0,(anonymous_2)
FNDA:0,(anonymous_3)
FNDA:0,(anonymous_4)
FNDA:0,(anonymous_5)
FNDA:0,(anonymous_6)
DA:9,0
DA:11,0
DA:12,0
DA:17,0
DA:18,0
DA:19,0
DA:24,0
DA:25,0
DA:26,0
DA:33,0
DA:37,0
DA:46,0
DA:47,0
LF:13
LH:0
BRDA:44,0,0,0
BRDA:44,0,1,0
BRDA:51,1,0,0
BRDA:51,1,1,0
BRF:4
BRH:0
end_of_record
TN:
SF:src/routes/Dashboard/Cluster/pca.js
FN:18,(anonymous_0)
FN:18,(anonymous_1)
FN:40,(anonymous_2)
FN:55,(anonymous_3)
FN:58,(anonymous_4)
FN:61,(anonymous_5)
FN:62,(anonymous_6)
FN:63,(anonymous_7)
FN:65,(anonymous_8)
FN:66,(anonymous_9)
FN:67,(anonymous_10)
FN:80,(anonymous_11)
FN:83,(anonymous_12)
FN:87,(anonymous_13)
FN:91,(anonymous_14)
FN:97,(anonymous_15)
FN:103,(anonymous_16)
FN:112,(anonymous_17)
FN:114,(anonymous_18)
FN:121,(anonymous_19)
FN:134,(anonymous_20)
FN:144,(anonymous_21)
FN:173,(anonymous_22)
FN:179,(anonymous_23)
FN:187,(anonymous_24)
FN:201,(anonymous_25)
FN:214,(anonymous_26)
FN:230,(anonymous_27)
FNF:28
FNH:0
FNDA:0,(anonymous_0)
FNDA:0,(anonymous_1)
FNDA:0,(anonymous_2)
FNDA:0,(anonymous_3)
FNDA:0,(anonymous_4)
FNDA:0,(anonymous_5)
FNDA:0,(anonymous_6)
FNDA:0,(anonymous_7)
FNDA:0,(anonymous_8)
FNDA:0,(anonymous_9)
FNDA:0,(anonymous_10)
FNDA:0,(anonymous_11)
FNDA:0,(anonymous_12)
FNDA:0,(anonymous_13)
FNDA:0,(anonymous_14)
FNDA:0,(anonymous_15)
FNDA:0,(anonymous_16)
FNDA:0,(anonymous_17)
FNDA:0,(anonymous_18)
FNDA:0,(anonymous_19)
FNDA:0,(anonymous_20)
FNDA:0,(anonymous_21)
FNDA:0,(anonymous_22)
FNDA:0,(anonymous_23)
FNDA:0,(anonymous_24)
FNDA:0,(anonymous_25)
FNDA:0,(anonymous_26)
FNDA:0,(anonymous_27)
DA:16,1
DA:17,1
DA:18,1
DA:19,1
DA:41,0
DA:42,0
DA:55,0
DA:56,0
DA:57,0
DA:59,0
DA:60,0
DA:61,0
DA:62,0
DA:63,0
DA:64,0
DA:65,0
DA:66,0
DA:67,0
DA:78,0
DA:80,0
DA:84,0
DA:88,0
DA:92,0
DA:93,0
DA:94,0
DA:98,0
DA:99,0
DA:100,0
DA:104,0
DA:105,0
DA:106,0
DA:107,0
DA:108,0
DA:113,0
DA:114,0
DA:116,0
DA:117,0
DA:122,0
DA:134,0
DA:145,0
DA:146,0
DA:173,0
DA:180,0
DA:187,0
DA:202,0
DA:215,0
DA:230,0
LF:47
LH:4
BRDA:61,0,0,0
BRDA:61,0,1,0
BRDA:63,1,0,0
BRDA:63,1,1,0
BRDA:104,2,0,0
BRDA:104,2,1,0
BRDA:114,3,0,0
BRDA:114,3,1,0
BRDA:114,3,2,0
BRDA:140,4,0,0
BRDA:140,4,1,0
BRDA:143,5,0,0
BRDA:143,5,1,0
BRDA:149,6,0,0
BRDA:149,6,1,0
BRDA:155,7,0,0
BRDA:155,7,1,0
BRDA:157,8,0,0
BRDA:157,8,1,0
BRDA:180,9,0,0
BRDA:180,9,1,0
BRDA:186,10,0,0
BRDA:186,10,1,0
BRF:23
BRH:0
end_of_record
TN:
SF:src/routes/Dashboard/EventLog/columns.js
FN:5,(anonymous_0)
FN:15,(anonymous_1)
FN:30,(anonymous_2)
FN:62,(anonymous_3)
FN:63,(anonymous_4)
FN:69,(anonymous_5)
FN:70,(anonymous_6)
FN:76,(anonymous_7)
FN:82,(anonymous_8)
FN:83,(anonymous_9)
FN:89,(anonymous_10)
FN:95,(anonymous_11)
FN:96,(anonymous_12)
FN:102,(anonymous_13)
FN:103,(anonymous_14)
FN:109,(anonymous_15)
FN:110,(anonymous_16)
FN:116,(anonymous_17)
FN:117,(anonymous_18)
FN:123,(anonymous_19)
FN:124,(anonymous_20)
FNF:21
FNH:0
FNDA:0,(anonymous_0)
FNDA:0,(anonymous_1)
FNDA:0,(anonymous_2)
FNDA:0,(anonymous_3)
FNDA:0,(anonymous_4)
FNDA:0,(anonymous_5)
FNDA:0,(anonymous_6)
FNDA:0,(anonymous_7)
FNDA:0,(anonymous_8)
FNDA:0,(anonymous_9)
FNDA:0,(anonymous_10)
FNDA:0,(anonymous_11)
FNDA:0,(anonymous_12)
FNDA:0,(anonymous_13)
FNDA:0,(anonymous_14)
FNDA:0,(anonymous_15)
FNDA:0,(anonymous_16)
FNDA:0,(anonymous_17)
FNDA:0,(anonymous_18)
FNDA:0,(anonymous_19)
FNDA:0,(anonymous_20)
DA:5,1
DA:6,0
DA:9,1
DA:17,0
DA:18,0
DA:19,0
DA:20,0
DA:22,0
DA:24,0
DA:31,0
DA:32,0
DA:33,0
DA:34,0
DA:62,0
DA:63,0
DA:69,0
DA:70,0
DA:76,0
DA:82,0
DA:83,0
DA:89,0
DA:95,0
DA:96,0
DA:102,0
DA:103,0
DA:109,0
DA:110,0
DA:116,0
DA:117,0
DA:123,0
DA:124,0
LF:31
LH:2
BRDA:17,0,0,0
BRDA:17,0,1,0
BRDA:19,1,0,0
BRDA:19,1,1,0
BRDA:32,2,0,0
BRDA:32,2,1,0
BRDA:33,3,0,0
BRDA:33,3,1,0
BRDA:123,4,0,0
BRDA:123,4,1,0
BRDA:124,5,0,0
BRDA:124,5,1,0
BRDA:124,6,0,0
BRDA:124,6,1,0
BRF:14
BRH:0
end_of_record
TN:
SF:src/routes/Dashboard/EventLog/dropDown.js
FN:13,(anonymous_0)
FN:18,(anonymous_1)
FN:23,(anonymous_2)
FN:27,(anonymous_3)
FN:33,(anonymous_4)
FNF:5
FNH:0
FNDA:0,(anonymous_0)
FNDA:0,(anonymous_1)
FNDA:0,(anonymous_2)
FNDA:0,(anonymous_3)
FNDA:0,(anonymous_4)
DA:9,1
DA:13,0
DA:18,0
DA:23,0
DA:27,1
DA:28,0
DA:34,0
LF:7
LH:2
BRF:0
BRH:0
end_of_record
TN:
SF:src/routes/Dashboard/EventLog/index.js
FN:9,(anonymous_0)
FN:63,(anonymous_1)
FN:74,mapStateToProps
FN:78,(anonymous_3)
FN:79,(anonymous_4)
FNF:5
FNH:0
FNDA:0,(anonymous_0)
FNDA:0,(anonymous_1)
FNDA:0,mapStateToProps
FNDA:0,(anonymous_3)
FNDA:0,(anonymous_4)
DA:9,1
DA:10,0
DA:64,0
DA:75,0
DA:79,0
LF:5
LH:1
BRDA:79,0,0,0
BRDA:79,0,1,0
BRF:2
BRH:0
end_of_record
TN:
SF:src/routes/Dashboard/EventLog/table.js
FN:13,(anonymous_0)
FN:20,(anonymous_1)
FN:24,(anonymous_2)
FN:27,(anonymous_3)
FN:33,(anonymous_4)
FN:39,(anonymous_5)
FN:41,(anonymous_6)
FN:51,(anonymous_7)
FN:56,(anonymous_8)
FN:68,(anonymous_9)
FNF:10
FNH:0
FNDA:0,(anonymous_0)
FNDA:0,(anonymous_1)
FNDA:0,(anonymous_2)
FNDA:0,(anonymous_3)
FNDA:0,(anonymous_4)
FNDA:0,(anonymous_5)
FNDA:0,(anonymous_6)
FNDA:0,(anonymous_7)
FNDA:0,(anonymous_8)
FNDA:0,(anonymous_9)
DA:14,0
DA:15,0
DA:19,0
DA:21,0
DA:22,0
DA:25,0
DA:28,0
DA:35,0
DA:36,0
DA:37,0
DA:38,0
DA:39,0
DA:40,0
DA:41,0
DA:42,0
DA:43,0
DA:47,0
DA:48,0
DA:52,0
DA:56,0
DA:69,0
DA:70,0
DA:74,0
DA:88,1
LF:24
LH:1
BRDA:35,0,0,0
BRDA:35,0,1,0
BRDA:36,1,0,0
BRDA:36,1,1,0
BRDA:37,2,0,0
BRDA:37,2,1,0
BRDA:42,3,0,0
BRDA:42,3,1,0
BRF:8
BRH:0
end_of_record
TN:
SF:src/routes/Dashboard/EventLog/BlockList/Table.js
FN:13,(anonymous_0)
FN:26,FolderList
FN:31,(anonymous_2)
FN:32,(anonymous_3)
FN:34,(anonymous_4)
FN:67,(anonymous_5)
FNF:6
FNH:0
FNDA:0,(anonymous_0)
FNDA:0,FolderList
FNDA:0,(anonymous_2)
FNDA:0,(anonymous_3)
FNDA:0,(anonymous_4)
FNDA:0,(anonymous_5)
DA:13,1
DA:27,0
DA:29,0
DA:32,0
DA:33,0
DA:34,0
DA:35,0
DA:68,0
DA:69,0
LF:9
LH:1
BRDA:76,0,0,0
BRDA:76,0,1,0
BRF:2
BRH:0
end_of_record
TN:
SF:src/routes/Dashboard/EventLog/BlockList/index.js
FN:9,(anonymous_0)
FN:15,(anonymous_1)
FN:39,mapStateToProps
FN:45,(anonymous_3)
FN:45,(anonymous_4)
FNF:5
FNH:0
FNDA:0,(anonymous_0)
FNDA:0,(anonymous_1)
FNDA:0,mapStateToProps
FNDA:0,(anonymous_3)
FNDA:0,(anonymous_4)
DA:9,1
DA:15,1
DA:16,0
DA:17,0
DA:40,0
DA:45,0
DA:49,1
LF:7
LH:3
BRF:0
BRH:0
end_of_record
TN:
SF:src/routes/LandingPage/Header.js
FN:22,(anonymous_0)
FN:32,(anonymous_1)
FN:39,(anonymous_2)
FN:41,(anonymous_3)
FNF:4
FNH:2
FNDA:0,(anonymous_0)
FNDA:1,(anonymous_1)
FNDA:1,(anonymous_2)
FNDA:0,(anonymous_3)
DA:22,1
DA:23,0
DA:32,1
DA:33,1
DA:39,1
DA:40,1
DA:41,1
DA:43,1
LF:8
LH:7
BRDA:61,0,0,0
BRDA:61,0,1,1
BRF:2
BRH:1
end_of_record
TN:
SF:src/routes/LandingPage/Hero.js
FN:5,Hero
FNF:1
FNH:1
FNDA:1,Hero
DA:6,1
LF:1
LH:1
BRF:0
BRH:0
end_of_record
TN:
SF:src/routes/LandingPage/LandingLayout.js
FN:6,LandingLayout
FNF:1
FNH:1
FNDA:1,LandingLayout
DA:7,1
LF:1
LH:1
BRF:0
BRH:0
end_of_record
TN:
SF:src/routes/LandingPage/Logo.js
FN:5,Logo
FNF:1
FNH:1
FNDA:1,Logo
DA:6,1
LF:1
LH:1
BRF:0
BRH:0
end_of_record
TN:
SF:src/routes/LandingPage/index.js
FN:7,Landing
FNF:1
FNH:1
FNDA:1,Landing
DA:8,1
LF:1
LH:1
BRF:0
BRH:0
end_of_record
TN:
SF:src/routes/LoginPage/index.js
FN:16,Login
FN:23,validateName
FN:29,onSubmit
FN:40,renderForm
FN:43,(anonymous_4)
FN:86,(anonymous_5)
FNF:6
FNH:0
FNDA:0,Login
FNDA:0,validateName
FNDA:0,onSubmit
FNDA:0,renderForm
FNDA:0,(anonymous_4)
FNDA:0,(anonymous_5)
DA:17,0
DA:19,0
DA:20,0
DA:25,0
DA:26,0
DA:30,0
DA:41,0
DA:44,0
DA:63,0
DA:86,1
DA:87,0
DA:90,1
LF:12
LH:2
BRDA:19,0,0,0
BRDA:19,0,1,0
BRDA:25,1,0,0
BRDA:25,1,1,0
BRDA:26,2,0,0
BRDA:26,2,1,0
BRDA:44,3,0,0
BRDA:44,3,1,0
BRDA:45,4,0,0
BRDA:45,4,1,0
BRDA:46,5,0,0
BRDA:46,5,1,0
BRDA:49,6,0,0
BRDA:49,6,1,0
BRDA:50,7,0,0
BRDA:50,7,1,0
BRDA:54,8,0,0
BRDA:54,8,1,0
BRDA:55,9,0,0
BRDA:55,9,1,0
BRDA:56,10,0,0
BRDA:56,10,1,0
BRF:22
BRH:0
end_of_record
TN:
SF:src/utils/color.js
FN:7,getColorForPercentage
FNF:1
FNH:1
FNDA:2,getColorForPercentage
DA:1,2
DA:9,2
DA:10,2
DA:11,1
DA:14,2
DA:15,2
DA:16,2
DA:17,2
DA:18,2
DA:19,2
DA:20,2
DA:25,2
LF:12
LH:12
BRDA:10,0,0,1
BRDA:10,0,1,1
BRF:2
BRH:2
end_of_record
TN:
SF:src/utils/endpoints.js
FNF:0
FNH:0
DA:11,5
DA:12,5
LF:2
LH:2
BRF:0
BRH:0
end_of_record
TN:
SF:src/utils/history.js
FNF:0
FNH:0
DA:3,2
LF:1
LH:1
BRF:0
BRH:0
end_of_record
TN:
SF:src/utils/theme.js
FNF:0
FNH:0
DA:3,1
LF:1
LH:1
BRF:0
BRH:0
end_of_record
TN:
SF:src/utils/timeStamp.js
FN:4,addZero
FN:9,getTimeObject
FN:21,int2time
FN:26,int2sec
FN:31,(anonymous_4)
FN:31,(anonymous_5)
FN:32,(anonymous_6)
FN:33,(anonymous_7)
FN:39,(anonymous_8)
FN:47,getAverage
FN:52,(anonymous_10)
FN:55,(anonymous_11)
FNF:12
FNH:12
FNDA:30,addZero
FNDA:5,getTimeObject
FNDA:1,int2time
FNDA:3,int2sec
FNDA:2,(anonymous_4)
FNDA:19,(anonymous_5)
FNDA:4,(anonymous_6)
FNDA:62,(anonymous_7)
FNDA:1,(anonymous_8)
FNDA:6,getAverage
FNDA:4,(anonymous_10)
FNDA:6,(anonymous_11)
DA:2,2
DA:5,30
DA:6,30
DA:10,5
DA:11,5
DA:22,1
DA:23,1
DA:27,3
DA:28,3
DA:31,19
DA:32,2
DA:33,62
DA:34,4
DA:35,4
DA:36,4
DA:39,2
DA:40,1
DA:41,1
DA:42,2
DA:44,1
DA:48,6
DA:49,4
DA:52,2
DA:53,4
DA:56,6
LF:25
LH:25
BRDA:5,0,0,8
BRDA:5,0,1,22
BRDA:48,1,0,2
BRDA:48,1,1,4
BRDA:48,2,0,2
BRDA:48,2,1,0
BRDA:53,3,0,1
BRDA:53,3,1,3
BRF:8
BRH:7
end_of_record
